<?xml version="1.0" encoding="UTF-8"?>
<coverage generated="1781976541431" clover="3.2.0">
  <project timestamp="1781976541432" name="All files">
    <metrics statements="234" coveredstatements="168" conditionals="184" coveredconditionals="106" methods="66" coveredmethods="46" elements="484" coveredelements="320" complexity="0" loc="234" ncloc="234" packages="1" files="10" classes="10"/>
    <file name="activityProcessing.ts" path="D:\prompt wars\challenge 3\CarbonPlus-AI\lib\activityProcessing.ts">
      <metrics statements="28" coveredstatements="27" conditionals="27" coveredconditionals="20" methods="5" coveredmethods="5"/>
      <line num="41" count="8" type="stmt"/>
      <line num="44" count="8" type="stmt"/>
      <line num="48" count="8" type="stmt"/>
      <line num="52" count="8" type="stmt"/>
      <line num="56" count="8" type="cond" truecount="1" falsecount="1"/>
      <line num="57" count="8" type="stmt"/>
      <line num="60" count="8" type="stmt"/>
      <line num="65" count="8" type="stmt"/>
      <line num="70" count="8" type="stmt"/>
      <line num="73" count="8" type="stmt"/>
      <line num="75" count="8" type="cond" truecount="2" falsecount="0"/>
      <line num="78" count="8" type="stmt"/>
      <line num="86" count="8" type="stmt"/>
      <line num="93" count="8" type="stmt"/>
      <line num="117" count="8" type="stmt"/>
      <line num="120" count="8" type="cond" truecount="2" falsecount="0"/>
      <line num="121" count="4" type="cond" truecount="1" falsecount="1"/>
      <line num="124" count="8" type="cond" truecount="5" falsecount="0"/>
      <line num="125" count="5" type="stmt"/>
      <line num="129" count="8" type="cond" truecount="2" falsecount="0"/>
      <line num="132" count="8" type="stmt"/>
      <line num="133" count="8" type="stmt"/>
      <line num="135" count="8" type="stmt"/>
      <line num="150" count="8" type="cond" truecount="1" falsecount="1"/>
      <line num="151" count="0" type="stmt"/>
      <line num="158" count="24" type="stmt"/>
      <line num="160" count="8" type="stmt"/>
      <line num="171" count="71" type="stmt"/>
    </file>
    <file name="aiCoach.ts" path="D:\prompt wars\challenge 3\CarbonPlus-AI\lib\aiCoach.ts">
      <metrics statements="11" coveredstatements="11" conditionals="6" coveredconditionals="6" methods="4" coveredmethods="4"/>
      <line num="19" count="1" type="stmt"/>
      <line num="65" count="9" type="cond" truecount="4" falsecount="0"/>
      <line num="66" count="1" type="stmt"/>
      <line num="72" count="8" type="stmt"/>
      <line num="73" count="8" type="stmt"/>
      <line num="78" count="16" type="cond" truecount="2" falsecount="0"/>
      <line num="80" count="8" type="stmt"/>
      <line num="84" count="8" type="stmt"/>
      <line num="94" count="16" type="stmt"/>
      <line num="105" count="8" type="stmt"/>
      <line num="115" count="8" type="stmt"/>
    </file>
    <file name="constants.ts" path="D:\prompt wars\challenge 3\CarbonPlus-AI\lib\constants.ts">
      <metrics statements="11" coveredstatements="11" conditionals="0" coveredconditionals="0" methods="0" coveredmethods="0"/>
      <line num="15" count="2" type="stmt"/>
      <line num="25" count="2" type="stmt"/>
      <line num="37" count="2" type="stmt"/>
      <line num="41" count="2" type="stmt"/>
      <line num="54" count="2" type="stmt"/>
      <line num="57" count="2" type="stmt"/>
      <line num="60" count="2" type="stmt"/>
      <line num="64" count="2" type="stmt"/>
      <line num="72" count="2" type="stmt"/>
      <line num="81" count="2" type="stmt"/>
      <line num="91" count="2" type="stmt"/>
    </file>
    <file name="equivalencies.ts" path="D:\prompt wars\challenge 3\CarbonPlus-AI\lib\equivalencies.ts">
      <metrics statements="14" coveredstatements="14" conditionals="8" coveredconditionals="8" methods="1" coveredmethods="1"/>
      <line num="16" count="2" type="stmt"/>
      <line num="46" count="17" type="cond" truecount="2" falsecount="0"/>
      <line num="48" count="12" type="stmt"/>
      <line num="50" count="12" type="cond" truecount="2" falsecount="0"/>
      <line num="51" count="3" type="stmt"/>
      <line num="52" count="3" type="stmt"/>
      <line num="55" count="9" type="cond" truecount="2" falsecount="0"/>
      <line num="56" count="5" type="stmt"/>
      <line num="57" count="5" type="stmt"/>
      <line num="60" count="4" type="cond" truecount="2" falsecount="0"/>
      <line num="61" count="2" type="stmt"/>
      <line num="62" count="2" type="stmt"/>
      <line num="65" count="2" type="stmt"/>
      <line num="66" count="2" type="stmt"/>
    </file>
    <file name="exportData.ts" path="D:\prompt wars\challenge 3\CarbonPlus-AI\lib\exportData.ts">
      <metrics statements="17" coveredstatements="5" conditionals="2" coveredconditionals="0" methods="5" coveredmethods="4"/>
      <line num="18" count="7" type="stmt"/>
      <line num="33" count="7" type="stmt"/>
      <line num="48" count="7" type="stmt"/>
      <line num="51" count="84" type="stmt"/>
      <line num="55" count="7" type="stmt"/>
      <line num="68" count="0" type="stmt"/>
      <line num="69" count="0" type="stmt"/>
      <line num="70" count="0" type="stmt"/>
      <line num="72" count="0" type="stmt"/>
      <line num="73" count="0" type="stmt"/>
      <line num="74" count="0" type="stmt"/>
      <line num="75" count="0" type="cond" truecount="0" falsecount="2"/>
      <line num="76" count="0" type="stmt"/>
      <line num="78" count="0" type="stmt"/>
      <line num="79" count="0" type="stmt"/>
      <line num="82" count="0" type="stmt"/>
      <line num="83" count="0" type="stmt"/>
    </file>
    <file name="insightEngine.ts" path="D:\prompt wars\challenge 3\CarbonPlus-AI\lib\insightEngine.ts">
      <metrics statements="52" coveredstatements="31" conditionals="33" coveredconditionals="21" methods="22" coveredmethods="10"/>
      <line num="25" count="1" type="stmt"/>
      <line num="29" count="0" type="stmt"/>
      <line num="34" count="0" type="stmt"/>
      <line num="39" count="0" type="stmt"/>
      <line num="46" count="0" type="stmt"/>
      <line num="51" count="0" type="stmt"/>
      <line num="56" count="0" type="stmt"/>
      <line num="63" count="0" type="stmt"/>
      <line num="68" count="0" type="stmt"/>
      <line num="73" count="0" type="stmt"/>
      <line num="80" count="0" type="stmt"/>
      <line num="85" count="0" type="stmt"/>
      <line num="90" count="0" type="stmt"/>
      <line num="102" count="5" type="cond" truecount="2" falsecount="0"/>
      <line num="104" count="4" type="stmt"/>
      <line num="105" count="4" type="stmt"/>
      <line num="106" count="4" type="cond" truecount="1" falsecount="1"/>
      <line num="107" count="5" type="stmt"/>
      <line num="109" count="5" type="stmt"/>
      <line num="112" count="5" type="cond" truecount="1" falsecount="1"/>
      <line num="113" count="0" type="stmt"/>
      <line num="114" count="0" type="cond" truecount="0" falsecount="2"/>
      <line num="115" count="0" type="stmt"/>
      <line num="125" count="4" type="cond" truecount="1" falsecount="1"/>
      <line num="126" count="0" type="stmt"/>
      <line num="127" count="0" type="cond" truecount="0" falsecount="2"/>
      <line num="128" count="0" type="stmt"/>
      <line num="139" count="4" type="stmt"/>
      <line num="140" count="4" type="stmt"/>
      <line num="141" count="4" type="cond" truecount="2" falsecount="0"/>
      <line num="143" count="3" type="stmt"/>
      <line num="144" count="3" type="cond" truecount="2" falsecount="0"/>
      <line num="146" count="1" type="stmt"/>
      <line num="147" count="1" type="cond" truecount="1" falsecount="1"/>
      <line num="150" count="0" type="stmt"/>
      <line num="151" count="0" type="cond" truecount="0" falsecount="2"/>
      <line num="152" count="0" type="stmt"/>
      <line num="164" count="4" type="stmt"/>
      <line num="170" count="4" type="stmt"/>
      <line num="179" count="12" type="stmt"/>
      <line num="180" count="4" type="cond" truecount="2" falsecount="0"/>
      <line num="181" count="1" type="stmt"/>
      <line num="192" count="9" type="cond" truecount="2" falsecount="0"/>
      <line num="193" count="3" type="cond" truecount="2" falsecount="0"/>
      <line num="194" count="2" type="stmt"/>
      <line num="195" count="2" type="cond" truecount="1" falsecount="1"/>
      <line num="196" count="2" type="stmt"/>
      <line num="207" count="1" type="stmt"/>
      <line num="208" count="3" type="stmt"/>
      <line num="209" count="1" type="cond" truecount="3" falsecount="1"/>
      <line num="210" count="1" type="stmt"/>
      <line num="216" count="3" type="stmt"/>
    </file>
    <file name="missionManager.ts" path="D:\prompt wars\challenge 3\CarbonPlus-AI\lib\missionManager.ts">
      <metrics statements="15" coveredstatements="15" conditionals="14" coveredconditionals="14" methods="5" coveredmethods="5"/>
      <line num="12" count="6" type="cond" truecount="2" falsecount="0"/>
      <line num="13" count="1" type="stmt"/>
      <line num="16" count="9" type="stmt"/>
      <line num="17" count="5" type="cond" truecount="2" falsecount="0"/>
      <line num="18" count="1" type="stmt"/>
      <line num="21" count="4" type="stmt"/>
      <line num="23" count="4" type="cond" truecount="4" falsecount="0"/>
      <line num="25" count="2" type="stmt"/>
      <line num="44" count="2" type="stmt"/>
      <line num="51" count="12" type="stmt"/>
      <line num="52" count="4" type="cond" truecount="2" falsecount="0"/>
      <line num="55" count="3" type="stmt"/>
      <line num="56" count="8" type="stmt"/>
      <line num="57" count="8" type="cond" truecount="2" falsecount="0"/>
      <line num="58" count="8" type="cond" truecount="2" falsecount="0"/>
    </file>
    <file name="missions.ts" path="D:\prompt wars\challenge 3\CarbonPlus-AI\lib\missions.ts">
      <metrics statements="11" coveredstatements="11" conditionals="6" coveredconditionals="6" methods="6" coveredmethods="6"/>
      <line num="7" count="1" type="stmt"/>
      <line num="13" count="9" type="stmt"/>
      <line num="14" count="9" type="cond" truecount="2" falsecount="0"/>
      <line num="15" count="21" type="stmt"/>
      <line num="16" count="3" type="stmt"/>
      <line num="27" count="4" type="cond" truecount="2" falsecount="0"/>
      <line num="28" count="4" type="stmt"/>
      <line num="39" count="4" type="stmt"/>
      <line num="40" count="4" type="cond" truecount="2" falsecount="0"/>
      <line num="41" count="6" type="stmt"/>
      <line num="42" count="2" type="stmt"/>
    </file>
    <file name="patternAnalyzer.ts" path="D:\prompt wars\challenge 3\CarbonPlus-AI\lib\patternAnalyzer.ts">
      <metrics statements="23" coveredstatements="22" conditionals="12" coveredconditionals="10" methods="6" coveredmethods="6"/>
      <line num="14" count="12" type="cond" truecount="2" falsecount="0"/>
      <line num="15" count="6" type="stmt"/>
      <line num="18" count="78" type="stmt"/>
      <line num="20" count="6" type="stmt"/>
      <line num="21" count="6" type="stmt"/>
      <line num="23" count="42" type="stmt"/>
      <line num="24" count="42" type="stmt"/>
      <line num="26" count="6" type="cond" truecount="1" falsecount="1"/>
      <line num="29" count="12" type="stmt"/>
      <line num="30" count="24" type="stmt"/>
      <line num="31" count="168" type="cond" truecount="2" falsecount="0"/>
      <line num="32" count="84" type="cond" truecount="1" falsecount="1"/>
      <line num="33" count="0" type="stmt"/>
      <line num="37" count="12" type="stmt"/>
      <line num="38" count="12" type="stmt"/>
      <line num="39" count="12" type="stmt"/>
      <line num="40" count="12" type="stmt"/>
      <line num="42" count="12" type="stmt"/>
      <line num="43" count="12" type="stmt"/>
      <line num="46" count="12" type="cond" truecount="4" falsecount="0"/>
      <line num="47" count="1" type="stmt"/>
      <line num="48" count="1" type="stmt"/>
      <line num="51" count="6" type="stmt"/>
    </file>
    <file name="validation.ts" path="D:\prompt wars\challenge 3\CarbonPlus-AI\lib\validation.ts">
      <metrics statements="52" coveredstatements="21" conditionals="76" coveredconditionals="21" methods="12" coveredmethods="5"/>
      <line num="23" count="1" type="stmt"/>
      <line num="27" count="1" type="stmt"/>
      <line num="35" count="9" type="cond" truecount="2" falsecount="0"/>
      <line num="40" count="5" type="cond" truecount="2" falsecount="0"/>
      <line num="45" count="14" type="cond" truecount="2" falsecount="0"/>
      <line num="60" count="4" type="cond" truecount="2" falsecount="0"/>
      <line num="61" count="3" type="stmt"/>
      <line num="66" count="0" type="cond" truecount="0" falsecount="2"/>
      <line num="71" count="0" type="cond" truecount="0" falsecount="2"/>
      <line num="87" count="5" type="stmt"/>
      <line num="89" count="5" type="cond" truecount="2" falsecount="0"/>
      <line num="90" count="1" type="stmt"/>
      <line num="93" count="5" type="cond" truecount="1" falsecount="1"/>
      <line num="94" count="0" type="stmt"/>
      <line num="97" count="5" type="cond" truecount="1" falsecount="1"/>
      <line num="98" count="0" type="stmt"/>
      <line num="99" count="5" type="cond" truecount="2" falsecount="0"/>
      <line num="100" count="1" type="stmt"/>
      <line num="101" count="4" type="cond" truecount="2" falsecount="0"/>
      <line num="102" count="1" type="stmt"/>
      <line num="105" count="5" type="cond" truecount="1" falsecount="1"/>
      <line num="106" count="0" type="stmt"/>
      <line num="107" count="5" type="cond" truecount="1" falsecount="1"/>
      <line num="108" count="0" type="stmt"/>
      <line num="109" count="5" type="cond" truecount="2" falsecount="0"/>
      <line num="110" count="1" type="stmt"/>
      <line num="113" count="5" type="stmt"/>
      <line num="123" count="0" type="cond" truecount="0" falsecount="4"/>
      <line num="125" count="0" type="stmt"/>
      <line num="128" count="0" type="cond" truecount="0" falsecount="4"/>
      <line num="131" count="0" type="stmt"/>
      <line num="132" count="0" type="cond" truecount="0" falsecount="2"/>
      <line num="135" count="0" type="cond" truecount="0" falsecount="4"/>
      <line num="136" count="0" type="stmt"/>
      <line num="137" count="0" type="cond" truecount="0" falsecount="2"/>
      <line num="138" count="0" type="cond" truecount="0" falsecount="2"/>
      <line num="141" count="0" type="cond" truecount="0" falsecount="2"/>
      <line num="144" count="0" type="stmt"/>
      <line num="145" count="0" type="stmt"/>
      <line num="146" count="0" type="cond" truecount="0" falsecount="2"/>
      <line num="149" count="0" type="stmt"/>
      <line num="168" count="0" type="cond" truecount="0" falsecount="5"/>
      <line num="186" count="0" type="cond" truecount="0" falsecount="2"/>
      <line num="188" count="0" type="stmt"/>
      <line num="189" count="0" type="stmt"/>
      <line num="190" count="0" type="stmt"/>
      <line num="191" count="0" type="cond" truecount="0" falsecount="2"/>
      <line num="194" count="0" type="stmt"/>
      <line num="202" count="0" type="stmt"/>
      <line num="215" count="0" type="cond" truecount="0" falsecount="4"/>
      <line num="217" count="0" type="stmt"/>
      <line num="218" count="0" type="stmt"/>
    </file>
  </project>
</coverage>
