{"D:\\prompt wars\\challenge 3\\CarbonPlus-AI\\lib\\activityProcessing.ts": {"path":"D:\\prompt wars\\challenge 3\\CarbonPlus-AI\\lib\\activityProcessing.ts","statementMap":{"0":{"start":{"line":41,"column":6},"end":{"line":41,"column":null}},"1":{"start":{"line":44,"column":25},"end":{"line":47,"column":null}},"2":{"start":{"line":48,"column":28},"end":{"line":51,"column":null}},"3":{"start":{"line":52,"column":23},"end":{"line":55,"column":null}},"4":{"start":{"line":56,"column":17},"end":{"line":56,"column":null}},"5":{"start":{"line":57,"column":31},"end":{"line":57,"column":null}},"6":{"start":{"line":60,"column":26},"end":{"line":62,"column":null}},"7":{"start":{"line":65,"column":32},"end":{"line":67,"column":null}},"8":{"start":{"line":70,"column":27},"end":{"line":72,"column":null}},"9":{"start":{"line":73,"column":24},"end":{"line":73,"column":null}},"10":{"start":{"line":75,"column":4},"end":{"line":75,"column":null}},"11":{"start":{"line":78,"column":20},"end":{"line":83,"column":null}},"12":{"start":{"line":86,"column":23},"end":{"line":91,"column":null}},"13":{"start":{"line":93,"column":2},"end":{"line":102,"column":null}},"14":{"start":{"line":117,"column":15},"end":{"line":117,"column":null}},"15":{"start":{"line":120,"column":2},"end":{"line":121,"column":null}},"16":{"start":{"line":120,"column":24},"end":{"line":120,"column":null}},"17":{"start":{"line":121,"column":7},"end":{"line":121,"column":null}},"18":{"start":{"line":121,"column":34},"end":{"line":121,"column":null}},"19":{"start":{"line":124,"column":2},"end":{"line":126,"column":null}},"20":{"start":{"line":125,"column":4},"end":{"line":125,"column":null}},"21":{"start":{"line":129,"column":2},"end":{"line":129,"column":null}},"22":{"start":{"line":129,"column":25},"end":{"line":129,"column":null}},"23":{"start":{"line":132,"column":23},"end":{"line":132,"column":null}},"24":{"start":{"line":133,"column":2},"end":{"line":133,"column":null}},"25":{"start":{"line":135,"column":2},"end":{"line":135,"column":null}},"26":{"start":{"line":150,"column":2},"end":{"line":156,"column":null}},"27":{"start":{"line":151,"column":4},"end":{"line":155,"column":null}},"28":{"start":{"line":158,"column":8},"end":{"line":158,"column":null}},"29":{"start":{"line":158,"column":29},"end":{"line":158,"column":null}},"30":{"start":{"line":160,"column":2},"end":{"line":164,"column":null}},"31":{"start":{"line":171,"column":2},"end":{"line":171,"column":null}}},"fnMap":{"0":{"name":"processActivity","decl":{"start":{"line":33,"column":16},"end":{"line":33,"column":32}},"loc":{"start":{"line":33,"column":73},"end":{"line":103,"column":null}},"line":33},"1":{"name":"calculatePoints","decl":{"start":{"line":111,"column":9},"end":{"line":111,"column":null}},"loc":{"start":{"line":116,"column":10},"end":{"line":136,"column":null}},"line":116},"2":{"name":"buildBreakdown","decl":{"start":{"line":144,"column":9},"end":{"line":144,"column":null}},"loc":{"start":{"line":149,"column":19},"end":{"line":165,"column":null}},"line":149},"3":{"name":"(anonymous_3)","decl":{"start":{"line":158,"column":8},"end":{"line":158,"column":15}},"loc":{"start":{"line":158,"column":29},"end":{"line":158,"column":null}},"line":158},"4":{"name":"roundTo4","decl":{"start":{"line":170,"column":9},"end":{"line":170,"column":18}},"loc":{"start":{"line":170,"column":41},"end":{"line":172,"column":null}},"line":170}},"branchMap":{"0":{"loc":{"start":{"line":37,"column":4},"end":{"line":37,"column":null}},"type":"default-arg","locations":[{"start":{"line":37,"column":20},"end":{"line":37,"column":null}}],"line":37},"1":{"loc":{"start":{"line":38,"column":4},"end":{"line":38,"column":null}},"type":"default-arg","locations":[{"start":{"line":38,"column":28},"end":{"line":38,"column":null}}],"line":38},"2":{"loc":{"start":{"line":46,"column":4},"end":{"line":46,"column":null}},"type":"cond-expr","locations":[{"start":{"line":46,"column":44},"end":{"line":46,"column":67}},{"start":{"line":46,"column":67},"end":{"line":46,"column":null}}],"line":46},"3":{"loc":{"start":{"line":50,"column":4},"end":{"line":50,"column":null}},"type":"cond-expr","locations":[{"start":{"line":50,"column":37},"end":{"line":50,"column":53}},{"start":{"line":50,"column":53},"end":{"line":50,"column":null}}],"line":50},"4":{"loc":{"start":{"line":54,"column":4},"end":{"line":54,"column":null}},"type":"cond-expr","locations":[{"start":{"line":54,"column":41},"end":{"line":54,"column":61}},{"start":{"line":54,"column":61},"end":{"line":54,"column":null}}],"line":54},"5":{"loc":{"start":{"line":56,"column":17},"end":{"line":56,"column":null}},"type":"binary-expr","locations":[{"start":{"line":56,"column":17},"end":{"line":56,"column":60}},{"start":{"line":56,"column":60},"end":{"line":56,"column":null}}],"line":56},"6":{"loc":{"start":{"line":61,"column":4},"end":{"line":61,"column":null}},"type":"binary-expr","locations":[{"start":{"line":61,"column":4},"end":{"line":61,"column":33}},{"start":{"line":61,"column":33},"end":{"line":61,"column":null}}],"line":61},"7":{"loc":{"start":{"line":75,"column":4},"end":{"line":75,"column":null}},"type":"cond-expr","locations":[{"start":{"line":75,"column":24},"end":{"line":75,"column":60}},{"start":{"line":75,"column":60},"end":{"line":75,"column":null}}],"line":75},"8":{"loc":{"start":{"line":120,"column":2},"end":{"line":121,"column":null}},"type":"if","locations":[{"start":{"line":120,"column":2},"end":{"line":121,"column":null}},{"start":{"line":121,"column":7},"end":{"line":121,"column":null}}],"line":120},"9":{"loc":{"start":{"line":121,"column":7},"end":{"line":121,"column":null}},"type":"if","locations":[{"start":{"line":121,"column":7},"end":{"line":121,"column":null}},{"start":{},"end":{}}],"line":121},"10":{"loc":{"start":{"line":124,"column":2},"end":{"line":126,"column":null}},"type":"if","locations":[{"start":{"line":124,"column":2},"end":{"line":126,"column":null}},{"start":{},"end":{}}],"line":124},"11":{"loc":{"start":{"line":124,"column":6},"end":{"line":124,"column":63}},"type":"binary-expr","locations":[{"start":{"line":124,"column":6},"end":{"line":124,"column":25}},{"start":{"line":124,"column":25},"end":{"line":124,"column":45}},{"start":{"line":124,"column":45},"end":{"line":124,"column":63}}],"line":124},"12":{"loc":{"start":{"line":129,"column":2},"end":{"line":129,"column":null}},"type":"if","locations":[{"start":{"line":129,"column":2},"end":{"line":129,"column":null}},{"start":{},"end":{}}],"line":129},"13":{"loc":{"start":{"line":150,"column":2},"end":{"line":156,"column":null}},"type":"if","locations":[{"start":{"line":150,"column":2},"end":{"line":156,"column":null}},{"start":{},"end":{}}],"line":150}},"s":{"0":8,"1":8,"2":8,"3":8,"4":8,"5":8,"6":8,"7":8,"8":8,"9":8,"10":8,"11":8,"12":8,"13":8,"14":8,"15":8,"16":4,"17":4,"18":0,"19":8,"20":5,"21":8,"22":7,"23":8,"24":8,"25":8,"26":8,"27":0,"28":8,"29":24,"30":8,"31":71},"f":{"0":8,"1":8,"2":8,"3":24,"4":71},"b":{"0":[8],"1":[8],"2":[8,0],"3":[8,0],"4":[8,0],"5":[8,0],"6":[8,0],"7":[7,1],"8":[4,4],"9":[0,4],"10":[5,3],"11":[8,3,3],"12":[7,1],"13":[0,8]},"meta":{"lastBranch":14,"lastFunction":5,"lastStatement":32,"seen":{"f:33:16:33:32":0,"s:41:6:41:Infinity":0,"b:37:20:37:Infinity":0,"b:38:28:38:Infinity":1,"s:44:25:47:Infinity":1,"b:46:44:46:67:46:67:46:Infinity":2,"s:48:28:51:Infinity":2,"b:50:37:50:53:50:53:50:Infinity":3,"s:52:23:55:Infinity":3,"b:54:41:54:61:54:61:54:Infinity":4,"s:56:17:56:Infinity":4,"b:56:17:56:60:56:60:56:Infinity":5,"s:57:31:57:Infinity":5,"s:60:26:62:Infinity":6,"b:61:4:61:33:61:33:61:Infinity":6,"s:65:32:67:Infinity":7,"s:70:27:72:Infinity":8,"s:73:24:73:Infinity":9,"s:75:4:75:Infinity":10,"b:75:24:75:60:75:60:75:Infinity":7,"s:78:20:83:Infinity":11,"s:86:23:91:Infinity":12,"s:93:2:102:Infinity":13,"f:111:9:111:Infinity":1,"s:117:15:117:Infinity":14,"b:120:2:121:Infinity:121:7:121:Infinity":8,"s:120:2:121:Infinity":15,"s:120:24:120:Infinity":16,"b:121:7:121:Infinity:undefined:undefined:undefined:undefined":9,"s:121:7:121:Infinity":17,"s:121:34:121:Infinity":18,"b:124:2:126:Infinity:undefined:undefined:undefined:undefined":10,"s:124:2:126:Infinity":19,"b:124:6:124:25:124:25:124:45:124:45:124:63":11,"s:125:4:125:Infinity":20,"b:129:2:129:Infinity:undefined:undefined:undefined:undefined":12,"s:129:2:129:Infinity":21,"s:129:25:129:Infinity":22,"s:132:23:132:Infinity":23,"s:133:2:133:Infinity":24,"s:135:2:135:Infinity":25,"f:144:9:144:Infinity":2,"b:150:2:156:Infinity:undefined:undefined:undefined:undefined":13,"s:150:2:156:Infinity":26,"s:151:4:155:Infinity":27,"s:158:8:158:Infinity":28,"f:158:8:158:15":3,"s:158:29:158:Infinity":29,"s:160:2:164:Infinity":30,"f:170:9:170:18":4,"s:171:2:171:Infinity":31},"fnNames":{}}}
,"D:\\prompt wars\\challenge 3\\CarbonPlus-AI\\lib\\aiCoach.ts": {"path":"D:\\prompt wars\\challenge 3\\CarbonPlus-AI\\lib\\aiCoach.ts","statementMap":{"0":{"start":{"line":19,"column":42},"end":{"line":53,"column":null}},"1":{"start":{"line":65,"column":2},"end":{"line":70,"column":null}},"2":{"start":{"line":66,"column":4},"end":{"line":69,"column":null}},"3":{"start":{"line":72,"column":17},"end":{"line":72,"column":null}},"4":{"start":{"line":73,"column":54},"end":{"line":77,"column":null}},"5":{"start":{"line":78,"column":24},"end":{"line":78,"column":null}},"6":{"start":{"line":78,"column":53},"end":{"line":78,"column":73}},"7":{"start":{"line":80,"column":26},"end":{"line":82,"column":null}},"8":{"start":{"line":84,"column":18},"end":{"line":103,"column":null}},"9":{"start":{"line":94,"column":47},"end":{"line":102,"column":6}},"10":{"start":{"line":105,"column":2},"end":{"line":107,"column":null}},"11":{"start":{"line":115,"column":2},"end":{"line":115,"column":null}}},"fnMap":{"0":{"name":"buildWeeklyCoachPrompt","decl":{"start":{"line":64,"column":16},"end":{"line":64,"column":39}},"loc":{"start":{"line":64,"column":70},"end":{"line":109,"column":null}},"line":64},"1":{"name":"(anonymous_1)","decl":{"start":{"line":78,"column":35},"end":{"line":78,"column":43}},"loc":{"start":{"line":78,"column":53},"end":{"line":78,"column":73}},"line":78},"2":{"name":"(anonymous_2)","decl":{"start":{"line":94,"column":33},"end":{"line":94,"column":38}},"loc":{"start":{"line":94,"column":47},"end":{"line":102,"column":6}},"line":94},"3":{"name":"roundTo2","decl":{"start":{"line":114,"column":9},"end":{"line":114,"column":18}},"loc":{"start":{"line":114,"column":41},"end":{"line":116,"column":null}},"line":114}},"branchMap":{"0":{"loc":{"start":{"line":65,"column":2},"end":{"line":70,"column":null}},"type":"if","locations":[{"start":{"line":65,"column":2},"end":{"line":70,"column":null}},{"start":{},"end":{}}],"line":65},"1":{"loc":{"start":{"line":65,"column":6},"end":{"line":65,"column":54}},"type":"binary-expr","locations":[{"start":{"line":65,"column":6},"end":{"line":65,"column":25}},{"start":{"line":65,"column":25},"end":{"line":65,"column":54}}],"line":65},"2":{"loc":{"start":{"line":78,"column":53},"end":{"line":78,"column":73}},"type":"cond-expr","locations":[{"start":{"line":78,"column":67},"end":{"line":78,"column":71}},{"start":{"line":78,"column":71},"end":{"line":78,"column":73}}],"line":78}},"s":{"0":1,"1":9,"2":1,"3":8,"4":8,"5":8,"6":16,"7":8,"8":8,"9":16,"10":8,"11":8},"f":{"0":9,"1":16,"2":16,"3":8},"b":{"0":[1,8],"1":[9,9],"2":[8,8]},"meta":{"lastBranch":3,"lastFunction":4,"lastStatement":12,"seen":{"s:19:42:53:Infinity":0,"f:64:16:64:39":0,"b:65:2:70:Infinity:undefined:undefined:undefined:undefined":0,"s:65:2:70:Infinity":1,"b:65:6:65:25:65:25:65:54":1,"s:66:4:69:Infinity":2,"s:72:17:72:Infinity":3,"s:73:54:77:Infinity":4,"s:78:24:78:Infinity":5,"f:78:35:78:43":1,"s:78:53:78:73":6,"b:78:67:78:71:78:71:78:73":2,"s:80:26:82:Infinity":7,"s:84:18:103:Infinity":8,"f:94:33:94:38":2,"s:94:47:102:6":9,"s:105:2:107:Infinity":10,"f:114:9:114:18":3,"s:115:2:115:Infinity":11},"fnNames":{}}}
,"D:\\prompt wars\\challenge 3\\CarbonPlus-AI\\lib\\constants.ts": {"path":"D:\\prompt wars\\challenge 3\\CarbonPlus-AI\\lib\\constants.ts","statementMap":{"0":{"start":{"line":15,"column":80},"end":{"line":22,"column":null}},"1":{"start":{"line":25,"column":71},"end":{"line":30,"column":null}},"2":{"start":{"line":37,"column":45},"end":{"line":37,"column":null}},"3":{"start":{"line":41,"column":22},"end":{"line":49,"column":null}},"4":{"start":{"line":54,"column":41},"end":{"line":54,"column":null}},"5":{"start":{"line":57,"column":40},"end":{"line":57,"column":null}},"6":{"start":{"line":60,"column":35},"end":{"line":60,"column":null}},"7":{"start":{"line":64,"column":28},"end":{"line":67,"column":null}},"8":{"start":{"line":72,"column":31},"end":{"line":72,"column":null}},"9":{"start":{"line":81,"column":37},"end":{"line":87,"column":null}},"10":{"start":{"line":91,"column":28},"end":{"line":98,"column":null}}},"fnMap":{},"branchMap":{},"s":{"0":2,"1":2,"2":2,"3":2,"4":2,"5":2,"6":2,"7":2,"8":2,"9":2,"10":2},"f":{},"b":{},"meta":{"lastBranch":0,"lastFunction":0,"lastStatement":11,"seen":{"s:15:80:22:Infinity":0,"s:25:71:30:Infinity":1,"s:37:45:37:Infinity":2,"s:41:22:49:Infinity":3,"s:54:41:54:Infinity":4,"s:57:40:57:Infinity":5,"s:60:35:60:Infinity":6,"s:64:28:67:Infinity":7,"s:72:31:72:Infinity":8,"s:81:37:87:Infinity":9,"s:91:28:98:Infinity":10},"fnNames":{}}}
,"D:\\prompt wars\\challenge 3\\CarbonPlus-AI\\lib\\equivalencies.ts": {"path":"D:\\prompt wars\\challenge 3\\CarbonPlus-AI\\lib\\equivalencies.ts","statementMap":{"0":{"start":{"line":16,"column":61},"end":{"line":37,"column":null}},"1":{"start":{"line":46,"column":2},"end":{"line":46,"column":null}},"2":{"start":{"line":46,"column":16},"end":{"line":46,"column":null}},"3":{"start":{"line":48,"column":16},"end":{"line":48,"column":null}},"4":{"start":{"line":50,"column":2},"end":{"line":53,"column":null}},"5":{"start":{"line":51,"column":16},"end":{"line":51,"column":null}},"6":{"start":{"line":52,"column":4},"end":{"line":52,"column":null}},"7":{"start":{"line":55,"column":2},"end":{"line":58,"column":null}},"8":{"start":{"line":56,"column":16},"end":{"line":56,"column":null}},"9":{"start":{"line":57,"column":4},"end":{"line":57,"column":null}},"10":{"start":{"line":60,"column":2},"end":{"line":63,"column":null}},"11":{"start":{"line":61,"column":16},"end":{"line":61,"column":null}},"12":{"start":{"line":62,"column":4},"end":{"line":62,"column":null}},"13":{"start":{"line":65,"column":8},"end":{"line":65,"column":null}},"14":{"start":{"line":66,"column":2},"end":{"line":66,"column":null}}},"fnMap":{"0":{"name":"getRelatableEquivalency","decl":{"start":{"line":45,"column":16},"end":{"line":45,"column":40}},"loc":{"start":{"line":45,"column":60},"end":{"line":67,"column":null}},"line":45}},"branchMap":{"0":{"loc":{"start":{"line":46,"column":2},"end":{"line":46,"column":null}},"type":"if","locations":[{"start":{"line":46,"column":2},"end":{"line":46,"column":null}},{"start":{},"end":{}}],"line":46},"1":{"loc":{"start":{"line":50,"column":2},"end":{"line":53,"column":null}},"type":"if","locations":[{"start":{"line":50,"column":2},"end":{"line":53,"column":null}},{"start":{},"end":{}}],"line":50},"2":{"loc":{"start":{"line":55,"column":2},"end":{"line":58,"column":null}},"type":"if","locations":[{"start":{"line":55,"column":2},"end":{"line":58,"column":null}},{"start":{},"end":{}}],"line":55},"3":{"loc":{"start":{"line":60,"column":2},"end":{"line":63,"column":null}},"type":"if","locations":[{"start":{"line":60,"column":2},"end":{"line":63,"column":null}},{"start":{},"end":{}}],"line":60}},"s":{"0":2,"1":17,"2":5,"3":12,"4":12,"5":3,"6":3,"7":9,"8":5,"9":5,"10":4,"11":2,"12":2,"13":2,"14":2},"f":{"0":17},"b":{"0":[5,12],"1":[3,9],"2":[5,4],"3":[2,2]},"meta":{"lastBranch":4,"lastFunction":1,"lastStatement":15,"seen":{"s:16:61:37:Infinity":0,"f:45:16:45:40":0,"b:46:2:46:Infinity:undefined:undefined:undefined:undefined":0,"s:46:2:46:Infinity":1,"s:46:16:46:Infinity":2,"s:48:16:48:Infinity":3,"b:50:2:53:Infinity:undefined:undefined:undefined:undefined":1,"s:50:2:53:Infinity":4,"s:51:16:51:Infinity":5,"s:52:4:52:Infinity":6,"b:55:2:58:Infinity:undefined:undefined:undefined:undefined":2,"s:55:2:58:Infinity":7,"s:56:16:56:Infinity":8,"s:57:4:57:Infinity":9,"b:60:2:63:Infinity:undefined:undefined:undefined:undefined":3,"s:60:2:63:Infinity":10,"s:61:16:61:Infinity":11,"s:62:4:62:Infinity":12,"s:65:8:65:Infinity":13,"s:66:2:66:Infinity":14},"fnNames":{}}}
,"D:\\prompt wars\\challenge 3\\CarbonPlus-AI\\lib\\exportData.ts": {"path":"D:\\prompt wars\\challenge 3\\CarbonPlus-AI\\lib\\exportData.ts","statementMap":{"0":{"start":{"line":18,"column":18},"end":{"line":31,"column":null}},"1":{"start":{"line":33,"column":15},"end":{"line":46,"column":null}},"2":{"start":{"line":33,"column":33},"end":{"line":46,"column":3}},"3":{"start":{"line":48,"column":21},"end":{"line":53,"column":null}},"4":{"start":{"line":51,"column":6},"end":{"line":51,"column":null}},"5":{"start":{"line":51,"column":24},"end":{"line":51,"column":55}},"6":{"start":{"line":55,"column":2},"end":{"line":55,"column":null}},"7":{"start":{"line":68,"column":14},"end":{"line":68,"column":null}},"8":{"start":{"line":69,"column":15},"end":{"line":69,"column":null}},"9":{"start":{"line":70,"column":14},"end":{"line":70,"column":null}},"10":{"start":{"line":72,"column":26},"end":{"line":72,"column":null}},"11":{"start":{"line":73,"column":15},"end":{"line":73,"column":null}},"12":{"start":{"line":74,"column":2},"end":{"line":74,"column":null}},"13":{"start":{"line":75,"column":2},"end":{"line":75,"column":null}},"14":{"start":{"line":76,"column":2},"end":{"line":76,"column":null}},"15":{"start":{"line":78,"column":2},"end":{"line":78,"column":null}},"16":{"start":{"line":79,"column":2},"end":{"line":79,"column":null}},"17":{"start":{"line":82,"column":2},"end":{"line":82,"column":null}},"18":{"start":{"line":83,"column":2},"end":{"line":83,"column":null}}},"fnMap":{"0":{"name":"logsToCSV","decl":{"start":{"line":17,"column":16},"end":{"line":17,"column":26}},"loc":{"start":{"line":17,"column":55},"end":{"line":56,"column":null}},"line":17},"1":{"name":"(anonymous_1)","decl":{"start":{"line":33,"column":20},"end":{"line":33,"column":25}},"loc":{"start":{"line":33,"column":33},"end":{"line":46,"column":3}},"line":33},"2":{"name":"(anonymous_2)","decl":{"start":{"line":50,"column":12},"end":{"line":50,"column":17}},"loc":{"start":{"line":51,"column":6},"end":{"line":51,"column":null}},"line":51},"3":{"name":"(anonymous_3)","decl":{"start":{"line":51,"column":10},"end":{"line":51,"column":15}},"loc":{"start":{"line":51,"column":24},"end":{"line":51,"column":55}},"line":51},"4":{"name":"downloadLogsAsCSV","decl":{"start":{"line":64,"column":16},"end":{"line":64,"column":null}},"loc":{"start":{"line":67,"column":8},"end":{"line":84,"column":null}},"line":67}},"branchMap":{"0":{"loc":{"start":{"line":75,"column":18},"end":{"line":75,"column":null}},"type":"binary-expr","locations":[{"start":{"line":75,"column":18},"end":{"line":75,"column":30}},{"start":{"line":75,"column":30},"end":{"line":75,"column":null}}],"line":75}},"s":{"0":7,"1":7,"2":7,"3":7,"4":7,"5":84,"6":7,"7":0,"8":0,"9":0,"10":0,"11":0,"12":0,"13":0,"14":0,"15":0,"16":0,"17":0,"18":0},"f":{"0":7,"1":7,"2":7,"3":84,"4":0},"b":{"0":[0,0]},"meta":{"lastBranch":1,"lastFunction":5,"lastStatement":19,"seen":{"f:17:16:17:26":0,"s:18:18:31:Infinity":0,"s:33:15:46:Infinity":1,"f:33:20:33:25":1,"s:33:33:46:3":2,"s:48:21:53:Infinity":3,"f:50:12:50:17":2,"s:51:6:51:Infinity":4,"f:51:10:51:15":3,"s:51:24:51:55":5,"s:55:2:55:Infinity":6,"f:64:16:64:Infinity":4,"s:68:14:68:Infinity":7,"s:69:15:69:Infinity":8,"s:70:14:70:Infinity":9,"s:72:26:72:Infinity":10,"s:73:15:73:Infinity":11,"s:74:2:74:Infinity":12,"s:75:2:75:Infinity":13,"b:75:18:75:30:75:30:75:Infinity":0,"s:76:2:76:Infinity":14,"s:78:2:78:Infinity":15,"s:79:2:79:Infinity":16,"s:82:2:82:Infinity":17,"s:83:2:83:Infinity":18},"fnNames":{}}}
,"D:\\prompt wars\\challenge 3\\CarbonPlus-AI\\lib\\insightEngine.ts": {"path":"D:\\prompt wars\\challenge 3\\CarbonPlus-AI\\lib\\insightEngine.ts","statementMap":{"0":{"start":{"line":25,"column":70},"end":{"line":94,"column":null}},"1":{"start":{"line":29,"column":42},"end":{"line":29,"column":null}},"2":{"start":{"line":34,"column":42},"end":{"line":34,"column":null}},"3":{"start":{"line":39,"column":42},"end":{"line":39,"column":null}},"4":{"start":{"line":46,"column":42},"end":{"line":46,"column":null}},"5":{"start":{"line":51,"column":42},"end":{"line":51,"column":null}},"6":{"start":{"line":56,"column":42},"end":{"line":56,"column":null}},"7":{"start":{"line":63,"column":42},"end":{"line":63,"column":null}},"8":{"start":{"line":68,"column":42},"end":{"line":68,"column":null}},"9":{"start":{"line":73,"column":42},"end":{"line":73,"column":null}},"10":{"start":{"line":80,"column":42},"end":{"line":80,"column":null}},"11":{"start":{"line":85,"column":42},"end":{"line":85,"column":null}},"12":{"start":{"line":90,"column":42},"end":{"line":90,"column":null}},"13":{"start":{"line":102,"column":2},"end":{"line":102,"column":null}},"14":{"start":{"line":102,"column":25},"end":{"line":102,"column":null}},"15":{"start":{"line":104,"column":8},"end":{"line":104,"column":null}},"16":{"start":{"line":105,"column":18},"end":{"line":105,"column":null}},"17":{"start":{"line":106,"column":23},"end":{"line":106,"column":null}},"18":{"start":{"line":107,"column":8},"end":{"line":107,"column":null}},"19":{"start":{"line":109,"column":24},"end":{"line":109,"column":null}},"20":{"start":{"line":112,"column":2},"end":{"line":123,"column":null}},"21":{"start":{"line":113,"column":18},"end":{"line":113,"column":null}},"22":{"start":{"line":114,"column":4},"end":{"line":114,"column":null}},"23":{"start":{"line":114,"column":16},"end":{"line":114,"column":null}},"24":{"start":{"line":115,"column":4},"end":{"line":122,"column":null}},"25":{"start":{"line":125,"column":2},"end":{"line":136,"column":null}},"26":{"start":{"line":126,"column":18},"end":{"line":126,"column":null}},"27":{"start":{"line":127,"column":4},"end":{"line":127,"column":null}},"28":{"start":{"line":127,"column":16},"end":{"line":127,"column":null}},"29":{"start":{"line":128,"column":4},"end":{"line":135,"column":null}},"30":{"start":{"line":139,"column":17},"end":{"line":139,"column":null}},"31":{"start":{"line":140,"column":19},"end":{"line":140,"column":null}},"32":{"start":{"line":141,"column":2},"end":{"line":141,"column":null}},"33":{"start":{"line":141,"column":16},"end":{"line":141,"column":null}},"34":{"start":{"line":143,"column":17},"end":{"line":143,"column":null}},"35":{"start":{"line":144,"column":2},"end":{"line":144,"column":null}},"36":{"start":{"line":144,"column":14},"end":{"line":144,"column":null}},"37":{"start":{"line":146,"column":18},"end":{"line":146,"column":null}},"38":{"start":{"line":147,"column":2},"end":{"line":147,"column":null}},"39":{"start":{"line":147,"column":15},"end":{"line":147,"column":null}},"40":{"start":{"line":150,"column":16},"end":{"line":150,"column":null}},"41":{"start":{"line":151,"column":2},"end":{"line":151,"column":null}},"42":{"start":{"line":151,"column":14},"end":{"line":151,"column":null}},"43":{"start":{"line":152,"column":2},"end":{"line":159,"column":null}},"44":{"start":{"line":164,"column":17},"end":{"line":169,"column":null}},"45":{"start":{"line":170,"column":2},"end":{"line":173,"column":null}},"46":{"start":{"line":179,"column":23},"end":{"line":179,"column":null}},"47":{"start":{"line":179,"column":42},"end":{"line":179,"column":64}},"48":{"start":{"line":180,"column":2},"end":{"line":180,"column":null}},"49":{"start":{"line":180,"column":24},"end":{"line":180,"column":null}},"50":{"start":{"line":181,"column":2},"end":{"line":188,"column":null}},"51":{"start":{"line":192,"column":24},"end":{"line":192,"column":null}},"52":{"start":{"line":192,"column":43},"end":{"line":192,"column":100}},"53":{"start":{"line":193,"column":2},"end":{"line":193,"column":null}},"54":{"start":{"line":193,"column":32},"end":{"line":193,"column":null}},"55":{"start":{"line":194,"column":21},"end":{"line":194,"column":null}},"56":{"start":{"line":195,"column":2},"end":{"line":195,"column":null}},"57":{"start":{"line":195,"column":19},"end":{"line":195,"column":null}},"58":{"start":{"line":196,"column":2},"end":{"line":203,"column":null}},"59":{"start":{"line":207,"column":22},"end":{"line":207,"column":null}},"60":{"start":{"line":207,"column":39},"end":{"line":207,"column":65}},"61":{"start":{"line":208,"column":23},"end":{"line":208,"column":null}},"62":{"start":{"line":208,"column":40},"end":{"line":208,"column":100}},"63":{"start":{"line":209,"column":2},"end":{"line":209,"column":null}},"64":{"start":{"line":209,"column":36},"end":{"line":209,"column":null}},"65":{"start":{"line":210,"column":2},"end":{"line":217,"column":null}},"66":{"start":{"line":216,"column":57},"end":{"line":216,"column":83}}},"fnMap":{"0":{"name":"(anonymous_0)","decl":{"start":{"line":29,"column":6},"end":{"line":29,"column":16}},"loc":{"start":{"line":29,"column":42},"end":{"line":29,"column":null}},"line":29},"1":{"name":"(anonymous_1)","decl":{"start":{"line":34,"column":6},"end":{"line":34,"column":16}},"loc":{"start":{"line":34,"column":42},"end":{"line":34,"column":null}},"line":34},"2":{"name":"(anonymous_2)","decl":{"start":{"line":39,"column":6},"end":{"line":39,"column":16}},"loc":{"start":{"line":39,"column":42},"end":{"line":39,"column":null}},"line":39},"3":{"name":"(anonymous_3)","decl":{"start":{"line":46,"column":6},"end":{"line":46,"column":16}},"loc":{"start":{"line":46,"column":42},"end":{"line":46,"column":null}},"line":46},"4":{"name":"(anonymous_4)","decl":{"start":{"line":51,"column":6},"end":{"line":51,"column":16}},"loc":{"start":{"line":51,"column":42},"end":{"line":51,"column":null}},"line":51},"5":{"name":"(anonymous_5)","decl":{"start":{"line":56,"column":6},"end":{"line":56,"column":16}},"loc":{"start":{"line":56,"column":42},"end":{"line":56,"column":null}},"line":56},"6":{"name":"(anonymous_6)","decl":{"start":{"line":63,"column":6},"end":{"line":63,"column":16}},"loc":{"start":{"line":63,"column":42},"end":{"line":63,"column":null}},"line":63},"7":{"name":"(anonymous_7)","decl":{"start":{"line":68,"column":6},"end":{"line":68,"column":16}},"loc":{"start":{"line":68,"column":42},"end":{"line":68,"column":null}},"line":68},"8":{"name":"(anonymous_8)","decl":{"start":{"line":73,"column":6},"end":{"line":73,"column":16}},"loc":{"start":{"line":73,"column":42},"end":{"line":73,"column":null}},"line":73},"9":{"name":"(anonymous_9)","decl":{"start":{"line":80,"column":6},"end":{"line":80,"column":16}},"loc":{"start":{"line":80,"column":42},"end":{"line":80,"column":null}},"line":80},"10":{"name":"(anonymous_10)","decl":{"start":{"line":85,"column":6},"end":{"line":85,"column":16}},"loc":{"start":{"line":85,"column":42},"end":{"line":85,"column":null}},"line":85},"11":{"name":"(anonymous_11)","decl":{"start":{"line":90,"column":6},"end":{"line":90,"column":16}},"loc":{"start":{"line":90,"column":42},"end":{"line":90,"column":null}},"line":90},"12":{"name":"generateDailyNudge","decl":{"start":{"line":98,"column":16},"end":{"line":98,"column":null}},"loc":{"start":{"line":101,"column":26},"end":{"line":160,"column":null}},"line":101},"13":{"name":"adaptToPersona","decl":{"start":{"line":162,"column":9},"end":{"line":162,"column":24}},"loc":{"start":{"line":162,"column":87},"end":{"line":174,"column":null}},"line":162},"14":{"name":"evaluateMeatlessMonday","decl":{"start":{"line":178,"column":9},"end":{"line":178,"column":32}},"loc":{"start":{"line":178,"column":77},"end":{"line":189,"column":null}},"line":178},"15":{"name":"(anonymous_15)","decl":{"start":{"line":179,"column":28},"end":{"line":179,"column":36}},"loc":{"start":{"line":179,"column":42},"end":{"line":179,"column":64}},"line":179},"16":{"name":"evaluateSubwaySubstitution","decl":{"start":{"line":191,"column":9},"end":{"line":191,"column":36}},"loc":{"start":{"line":191,"column":81},"end":{"line":204,"column":null}},"line":191},"17":{"name":"(anonymous_17)","decl":{"start":{"line":192,"column":29},"end":{"line":192,"column":37}},"loc":{"start":{"line":192,"column":43},"end":{"line":192,"column":100}},"line":192},"18":{"name":"evaluateBusTransitDefault","decl":{"start":{"line":206,"column":9},"end":{"line":206,"column":35}},"loc":{"start":{"line":206,"column":80},"end":{"line":218,"column":null}},"line":206},"19":{"name":"(anonymous_19)","decl":{"start":{"line":207,"column":27},"end":{"line":207,"column":33}},"loc":{"start":{"line":207,"column":39},"end":{"line":207,"column":65}},"line":207},"20":{"name":"(anonymous_20)","decl":{"start":{"line":208,"column":28},"end":{"line":208,"column":34}},"loc":{"start":{"line":208,"column":40},"end":{"line":208,"column":100}},"line":208},"21":{"name":"(anonymous_21)","decl":{"start":{"line":216,"column":45},"end":{"line":216,"column":52}},"loc":{"start":{"line":216,"column":57},"end":{"line":216,"column":83}},"line":216}},"branchMap":{"0":{"loc":{"start":{"line":100,"column":2},"end":{"line":100,"column":null}},"type":"default-arg","locations":[{"start":{"line":100,"column":25},"end":{"line":100,"column":null}}],"line":100},"1":{"loc":{"start":{"line":102,"column":2},"end":{"line":102,"column":null}},"type":"if","locations":[{"start":{"line":102,"column":2},"end":{"line":102,"column":null}},{"start":{},"end":{}}],"line":102},"2":{"loc":{"start":{"line":106,"column":23},"end":{"line":106,"column":null}},"type":"binary-expr","locations":[{"start":{"line":106,"column":23},"end":{"line":106,"column":49}},{"start":{"line":106,"column":49},"end":{"line":106,"column":null}}],"line":106},"3":{"loc":{"start":{"line":112,"column":2},"end":{"line":123,"column":null}},"type":"if","locations":[{"start":{"line":112,"column":2},"end":{"line":123,"column":null}},{"start":{},"end":{}}],"line":112},"4":{"loc":{"start":{"line":114,"column":4},"end":{"line":114,"column":null}},"type":"if","locations":[{"start":{"line":114,"column":4},"end":{"line":114,"column":null}},{"start":{},"end":{}}],"line":114},"5":{"loc":{"start":{"line":125,"column":2},"end":{"line":136,"column":null}},"type":"if","locations":[{"start":{"line":125,"column":2},"end":{"line":136,"column":null}},{"start":{},"end":{}}],"line":125},"6":{"loc":{"start":{"line":127,"column":4},"end":{"line":127,"column":null}},"type":"if","locations":[{"start":{"line":127,"column":4},"end":{"line":127,"column":null}},{"start":{},"end":{}}],"line":127},"7":{"loc":{"start":{"line":141,"column":2},"end":{"line":141,"column":null}},"type":"if","locations":[{"start":{"line":141,"column":2},"end":{"line":141,"column":null}},{"start":{},"end":{}}],"line":141},"8":{"loc":{"start":{"line":144,"column":2},"end":{"line":144,"column":null}},"type":"if","locations":[{"start":{"line":144,"column":2},"end":{"line":144,"column":null}},{"start":{},"end":{}}],"line":144},"9":{"loc":{"start":{"line":147,"column":2},"end":{"line":147,"column":null}},"type":"if","locations":[{"start":{"line":147,"column":2},"end":{"line":147,"column":null}},{"start":{},"end":{}}],"line":147},"10":{"loc":{"start":{"line":151,"column":2},"end":{"line":151,"column":null}},"type":"if","locations":[{"start":{"line":151,"column":2},"end":{"line":151,"column":null}},{"start":{},"end":{}}],"line":151},"11":{"loc":{"start":{"line":180,"column":2},"end":{"line":180,"column":null}},"type":"if","locations":[{"start":{"line":180,"column":2},"end":{"line":180,"column":null}},{"start":{},"end":{}}],"line":180},"12":{"loc":{"start":{"line":192,"column":43},"end":{"line":192,"column":100}},"type":"binary-expr","locations":[{"start":{"line":192,"column":43},"end":{"line":192,"column":73}},{"start":{"line":192,"column":73},"end":{"line":192,"column":100}}],"line":192},"13":{"loc":{"start":{"line":193,"column":2},"end":{"line":193,"column":null}},"type":"if","locations":[{"start":{"line":193,"column":2},"end":{"line":193,"column":null}},{"start":{},"end":{}}],"line":193},"14":{"loc":{"start":{"line":195,"column":2},"end":{"line":195,"column":null}},"type":"if","locations":[{"start":{"line":195,"column":2},"end":{"line":195,"column":null}},{"start":{},"end":{}}],"line":195},"15":{"loc":{"start":{"line":209,"column":2},"end":{"line":209,"column":null}},"type":"if","locations":[{"start":{"line":209,"column":2},"end":{"line":209,"column":null}},{"start":{},"end":{}}],"line":209},"16":{"loc":{"start":{"line":209,"column":6},"end":{"line":209,"column":36}},"type":"binary-expr","locations":[{"start":{"line":209,"column":6},"end":{"line":209,"column":22}},{"start":{"line":209,"column":22},"end":{"line":209,"column":36}}],"line":209}},"s":{"0":1,"1":0,"2":0,"3":0,"4":0,"5":0,"6":0,"7":0,"8":0,"9":0,"10":0,"11":0,"12":0,"13":5,"14":1,"15":4,"16":4,"17":4,"18":5,"19":5,"20":5,"21":0,"22":0,"23":0,"24":0,"25":4,"26":0,"27":0,"28":0,"29":0,"30":4,"31":4,"32":4,"33":1,"34":3,"35":3,"36":2,"37":1,"38":1,"39":1,"40":0,"41":0,"42":0,"43":0,"44":4,"45":4,"46":4,"47":12,"48":4,"49":3,"50":1,"51":3,"52":9,"53":3,"54":1,"55":2,"56":2,"57":0,"58":2,"59":1,"60":1,"61":1,"62":3,"63":1,"64":0,"65":1,"66":3},"f":{"0":0,"1":0,"2":0,"3":0,"4":0,"5":0,"6":0,"7":0,"8":0,"9":0,"10":0,"11":0,"12":5,"13":4,"14":4,"15":12,"16":3,"17":9,"18":1,"19":1,"20":3,"21":3},"b":{"0":[5],"1":[1,4],"2":[4,0],"3":[0,5],"4":[0,0],"5":[0,4],"6":[0,0],"7":[1,3],"8":[2,1],"9":[1,0],"10":[0,0],"11":[3,1],"12":[9,7],"13":[1,2],"14":[0,2],"15":[0,1],"16":[1,1]},"meta":{"lastBranch":17,"lastFunction":22,"lastStatement":67,"seen":{"s:25:70:94:Infinity":0,"f:29:6:29:16":0,"s:29:42:29:Infinity":1,"f:34:6:34:16":1,"s:34:42:34:Infinity":2,"f:39:6:39:16":2,"s:39:42:39:Infinity":3,"f:46:6:46:16":3,"s:46:42:46:Infinity":4,"f:51:6:51:16":4,"s:51:42:51:Infinity":5,"f:56:6:56:16":5,"s:56:42:56:Infinity":6,"f:63:6:63:16":6,"s:63:42:63:Infinity":7,"f:68:6:68:16":7,"s:68:42:68:Infinity":8,"f:73:6:73:16":8,"s:73:42:73:Infinity":9,"f:80:6:80:16":9,"s:80:42:80:Infinity":10,"f:85:6:85:16":10,"s:85:42:85:Infinity":11,"f:90:6:90:16":11,"s:90:42:90:Infinity":12,"f:98:16:98:Infinity":12,"b:100:25:100:Infinity":0,"b:102:2:102:Infinity:undefined:undefined:undefined:undefined":1,"s:102:2:102:Infinity":13,"s:102:25:102:Infinity":14,"s:104:8:104:Infinity":15,"s:105:18:105:Infinity":16,"s:106:23:106:Infinity":17,"b:106:23:106:49:106:49:106:Infinity":2,"s:107:8:107:Infinity":18,"s:109:24:109:Infinity":19,"b:112:2:123:Infinity:undefined:undefined:undefined:undefined":3,"s:112:2:123:Infinity":20,"s:113:18:113:Infinity":21,"b:114:4:114:Infinity:undefined:undefined:undefined:undefined":4,"s:114:4:114:Infinity":22,"s:114:16:114:Infinity":23,"s:115:4:122:Infinity":24,"b:125:2:136:Infinity:undefined:undefined:undefined:undefined":5,"s:125:2:136:Infinity":25,"s:126:18:126:Infinity":26,"b:127:4:127:Infinity:undefined:undefined:undefined:undefined":6,"s:127:4:127:Infinity":27,"s:127:16:127:Infinity":28,"s:128:4:135:Infinity":29,"s:139:17:139:Infinity":30,"s:140:19:140:Infinity":31,"b:141:2:141:Infinity:undefined:undefined:undefined:undefined":7,"s:141:2:141:Infinity":32,"s:141:16:141:Infinity":33,"s:143:17:143:Infinity":34,"b:144:2:144:Infinity:undefined:undefined:undefined:undefined":8,"s:144:2:144:Infinity":35,"s:144:14:144:Infinity":36,"s:146:18:146:Infinity":37,"b:147:2:147:Infinity:undefined:undefined:undefined:undefined":9,"s:147:2:147:Infinity":38,"s:147:15:147:Infinity":39,"s:150:16:150:Infinity":40,"b:151:2:151:Infinity:undefined:undefined:undefined:undefined":10,"s:151:2:151:Infinity":41,"s:151:14:151:Infinity":42,"s:152:2:159:Infinity":43,"f:162:9:162:24":13,"s:164:17:169:Infinity":44,"s:170:2:173:Infinity":45,"f:178:9:178:32":14,"s:179:23:179:Infinity":46,"f:179:28:179:36":15,"s:179:42:179:64":47,"b:180:2:180:Infinity:undefined:undefined:undefined:undefined":11,"s:180:2:180:Infinity":48,"s:180:24:180:Infinity":49,"s:181:2:188:Infinity":50,"f:191:9:191:36":16,"s:192:24:192:Infinity":51,"f:192:29:192:37":17,"s:192:43:192:100":52,"b:192:43:192:73:192:73:192:100":12,"b:193:2:193:Infinity:undefined:undefined:undefined:undefined":13,"s:193:2:193:Infinity":53,"s:193:32:193:Infinity":54,"s:194:21:194:Infinity":55,"b:195:2:195:Infinity:undefined:undefined:undefined:undefined":14,"s:195:2:195:Infinity":56,"s:195:19:195:Infinity":57,"s:196:2:203:Infinity":58,"f:206:9:206:35":18,"s:207:22:207:Infinity":59,"f:207:27:207:33":19,"s:207:39:207:65":60,"s:208:23:208:Infinity":61,"f:208:28:208:34":20,"s:208:40:208:100":62,"b:209:2:209:Infinity:undefined:undefined:undefined:undefined":15,"s:209:2:209:Infinity":63,"b:209:6:209:22:209:22:209:36":16,"s:209:36:209:Infinity":64,"s:210:2:217:Infinity":65,"f:216:45:216:52":21,"s:216:57:216:83":66},"fnNames":{}}}
,"D:\\prompt wars\\challenge 3\\CarbonPlus-AI\\lib\\missionManager.ts": {"path":"D:\\prompt wars\\challenge 3\\CarbonPlus-AI\\lib\\missionManager.ts","statementMap":{"0":{"start":{"line":12,"column":2},"end":{"line":14,"column":null}},"1":{"start":{"line":13,"column":4},"end":{"line":13,"column":null}},"2":{"start":{"line":16,"column":18},"end":{"line":16,"column":null}},"3":{"start":{"line":16,"column":47},"end":{"line":16,"column":77}},"4":{"start":{"line":17,"column":2},"end":{"line":19,"column":null}},"5":{"start":{"line":18,"column":4},"end":{"line":18,"column":null}},"6":{"start":{"line":21,"column":19},"end":{"line":21,"column":null}},"7":{"start":{"line":23,"column":2},"end":{"line":42,"column":null}},"8":{"start":{"line":25,"column":4},"end":{"line":41,"column":null}},"9":{"start":{"line":44,"column":2},"end":{"line":44,"column":null}},"10":{"start":{"line":51,"column":20},"end":{"line":51,"column":null}},"11":{"start":{"line":51,"column":51},"end":{"line":51,"column":79}},"12":{"start":{"line":52,"column":2},"end":{"line":52,"column":null}},"13":{"start":{"line":52,"column":30},"end":{"line":52,"column":null}},"14":{"start":{"line":55,"column":2},"end":{"line":59,"column":null}},"15":{"start":{"line":56,"column":21},"end":{"line":56,"column":null}},"16":{"start":{"line":57,"column":25},"end":{"line":57,"column":null}},"17":{"start":{"line":58,"column":4},"end":{"line":58,"column":null}}},"fnMap":{"0":{"name":"updateMissionProgress","decl":{"start":{"line":7,"column":16},"end":{"line":7,"column":38}},"loc":{"start":{"line":11,"column":2},"end":{"line":45,"column":null}},"line":11},"1":{"name":"(anonymous_1)","decl":{"start":{"line":16,"column":37},"end":{"line":16,"column":42}},"loc":{"start":{"line":16,"column":47},"end":{"line":16,"column":77}},"line":16},"2":{"name":"suggestNextMission","decl":{"start":{"line":50,"column":16},"end":{"line":50,"column":35}},"loc":{"start":{"line":50,"column":96},"end":{"line":60,"column":null}},"line":50},"3":{"name":"(anonymous_3)","decl":{"start":{"line":51,"column":39},"end":{"line":51,"column":46}},"loc":{"start":{"line":51,"column":51},"end":{"line":51,"column":79}},"line":51},"4":{"name":"(anonymous_4)","decl":{"start":{"line":55,"column":19},"end":{"line":55,"column":27}},"loc":{"start":{"line":55,"column":45},"end":{"line":59,"column":5}},"line":55}},"branchMap":{"0":{"loc":{"start":{"line":12,"column":2},"end":{"line":14,"column":null}},"type":"if","locations":[{"start":{"line":12,"column":2},"end":{"line":14,"column":null}},{"start":{},"end":{}}],"line":12},"1":{"loc":{"start":{"line":17,"column":2},"end":{"line":19,"column":null}},"type":"if","locations":[{"start":{"line":17,"column":2},"end":{"line":19,"column":null}},{"start":{},"end":{}}],"line":17},"2":{"loc":{"start":{"line":23,"column":2},"end":{"line":42,"column":null}},"type":"if","locations":[{"start":{"line":23,"column":2},"end":{"line":42,"column":null}},{"start":{},"end":{}}],"line":23},"3":{"loc":{"start":{"line":23,"column":6},"end":{"line":23,"column":74}},"type":"binary-expr","locations":[{"start":{"line":23,"column":6},"end":{"line":23,"column":25}},{"start":{"line":23,"column":25},"end":{"line":23,"column":74}}],"line":23},"4":{"loc":{"start":{"line":52,"column":2},"end":{"line":52,"column":null}},"type":"if","locations":[{"start":{"line":52,"column":2},"end":{"line":52,"column":null}},{"start":{},"end":{}}],"line":52},"5":{"loc":{"start":{"line":57,"column":25},"end":{"line":57,"column":null}},"type":"cond-expr","locations":[{"start":{"line":57,"column":32},"end":{"line":57,"column":54}},{"start":{"line":57,"column":54},"end":{"line":57,"column":null}}],"line":57},"6":{"loc":{"start":{"line":58,"column":11},"end":{"line":58,"column":null}},"type":"cond-expr","locations":[{"start":{"line":58,"column":37},"end":{"line":58,"column":47}},{"start":{"line":58,"column":47},"end":{"line":58,"column":null}}],"line":58}},"s":{"0":6,"1":1,"2":5,"3":9,"4":5,"5":1,"6":4,"7":4,"8":2,"9":2,"10":4,"11":12,"12":4,"13":1,"14":3,"15":8,"16":8,"17":8},"f":{"0":6,"1":9,"2":4,"3":12,"4":8},"b":{"0":[1,5],"1":[1,4],"2":[2,2],"3":[4,3],"4":[1,3],"5":[5,3],"6":[4,4]},"meta":{"lastBranch":7,"lastFunction":5,"lastStatement":18,"seen":{"f:7:16:7:38":0,"b:12:2:14:Infinity:undefined:undefined:undefined:undefined":0,"s:12:2:14:Infinity":0,"s:13:4:13:Infinity":1,"s:16:18:16:Infinity":2,"f:16:37:16:42":1,"s:16:47:16:77":3,"b:17:2:19:Infinity:undefined:undefined:undefined:undefined":1,"s:17:2:19:Infinity":4,"s:18:4:18:Infinity":5,"s:21:19:21:Infinity":6,"b:23:2:42:Infinity:undefined:undefined:undefined:undefined":2,"s:23:2:42:Infinity":7,"b:23:6:23:25:23:25:23:74":3,"s:25:4:41:Infinity":8,"s:44:2:44:Infinity":9,"f:50:16:50:35":2,"s:51:20:51:Infinity":10,"f:51:39:51:46":3,"s:51:51:51:79":11,"b:52:2:52:Infinity:undefined:undefined:undefined:undefined":4,"s:52:2:52:Infinity":12,"s:52:30:52:Infinity":13,"s:55:2:59:Infinity":14,"f:55:19:55:27":4,"s:56:21:56:Infinity":15,"s:57:25:57:Infinity":16,"b:57:32:57:54:57:54:57:Infinity":5,"s:58:4:58:Infinity":17,"b:58:37:58:47:58:47:58:Infinity":6},"fnNames":{}}}
,"D:\\prompt wars\\challenge 3\\CarbonPlus-AI\\lib\\missions.ts": {"path":"D:\\prompt wars\\challenge 3\\CarbonPlus-AI\\lib\\missions.ts","statementMap":{"0":{"start":{"line":7,"column":45},"end":{"line":48,"column":null}},"1":{"start":{"line":13,"column":21},"end":{"line":13,"column":null}},"2":{"start":{"line":14,"column":6},"end":{"line":14,"column":null}},"3":{"start":{"line":14,"column":29},"end":{"line":14,"column":null}},"4":{"start":{"line":15,"column":24},"end":{"line":15,"column":null}},"5":{"start":{"line":15,"column":43},"end":{"line":15,"column":65}},"6":{"start":{"line":16,"column":6},"end":{"line":16,"column":null}},"7":{"start":{"line":27,"column":20},"end":{"line":27,"column":null}},"8":{"start":{"line":27,"column":37},"end":{"line":27,"column":95}},"9":{"start":{"line":28,"column":6},"end":{"line":28,"column":null}},"10":{"start":{"line":39,"column":21},"end":{"line":39,"column":null}},"11":{"start":{"line":40,"column":6},"end":{"line":40,"column":null}},"12":{"start":{"line":40,"column":29},"end":{"line":40,"column":null}},"13":{"start":{"line":41,"column":22},"end":{"line":41,"column":null}},"14":{"start":{"line":41,"column":41},"end":{"line":41,"column":63}},"15":{"start":{"line":42,"column":6},"end":{"line":42,"column":null}}},"fnMap":{"0":{"name":"(anonymous_0)","decl":{"start":{"line":12,"column":4},"end":{"line":12,"column":15}},"loc":{"start":{"line":12,"column":24},"end":{"line":17,"column":null}},"line":12},"1":{"name":"(anonymous_1)","decl":{"start":{"line":15,"column":31},"end":{"line":15,"column":38}},"loc":{"start":{"line":15,"column":43},"end":{"line":15,"column":65}},"line":15},"2":{"name":"(anonymous_2)","decl":{"start":{"line":26,"column":4},"end":{"line":26,"column":15}},"loc":{"start":{"line":26,"column":24},"end":{"line":29,"column":null}},"line":26},"3":{"name":"(anonymous_3)","decl":{"start":{"line":27,"column":25},"end":{"line":27,"column":32}},"loc":{"start":{"line":27,"column":37},"end":{"line":27,"column":95}},"line":27},"4":{"name":"(anonymous_4)","decl":{"start":{"line":38,"column":4},"end":{"line":38,"column":15}},"loc":{"start":{"line":38,"column":24},"end":{"line":43,"column":null}},"line":38},"5":{"name":"(anonymous_5)","decl":{"start":{"line":41,"column":29},"end":{"line":41,"column":36}},"loc":{"start":{"line":41,"column":41},"end":{"line":41,"column":63}},"line":41}},"branchMap":{"0":{"loc":{"start":{"line":14,"column":6},"end":{"line":14,"column":null}},"type":"if","locations":[{"start":{"line":14,"column":6},"end":{"line":14,"column":null}},{"start":{},"end":{}}],"line":14},"1":{"loc":{"start":{"line":27,"column":37},"end":{"line":27,"column":95}},"type":"binary-expr","locations":[{"start":{"line":27,"column":37},"end":{"line":27,"column":69}},{"start":{"line":27,"column":69},"end":{"line":27,"column":95}}],"line":27},"2":{"loc":{"start":{"line":40,"column":6},"end":{"line":40,"column":null}},"type":"if","locations":[{"start":{"line":40,"column":6},"end":{"line":40,"column":null}},{"start":{},"end":{}}],"line":40}},"s":{"0":1,"1":9,"2":9,"3":6,"4":3,"5":21,"6":3,"7":4,"8":3,"9":4,"10":4,"11":4,"12":2,"13":2,"14":6,"15":2},"f":{"0":9,"1":21,"2":4,"3":3,"4":4,"5":6},"b":{"0":[6,3],"1":[3,3],"2":[2,2]},"meta":{"lastBranch":3,"lastFunction":6,"lastStatement":16,"seen":{"s:7:45:48:Infinity":0,"f:12:4:12:15":0,"s:13:21:13:Infinity":1,"b:14:6:14:Infinity:undefined:undefined:undefined:undefined":0,"s:14:6:14:Infinity":2,"s:14:29:14:Infinity":3,"s:15:24:15:Infinity":4,"f:15:31:15:38":1,"s:15:43:15:65":5,"s:16:6:16:Infinity":6,"f:26:4:26:15":2,"s:27:20:27:Infinity":7,"f:27:25:27:32":3,"s:27:37:27:95":8,"b:27:37:27:69:27:69:27:95":1,"s:28:6:28:Infinity":9,"f:38:4:38:15":4,"s:39:21:39:Infinity":10,"b:40:6:40:Infinity:undefined:undefined:undefined:undefined":2,"s:40:6:40:Infinity":11,"s:40:29:40:Infinity":12,"s:41:22:41:Infinity":13,"f:41:29:41:36":5,"s:41:41:41:63":14,"s:42:6:42:Infinity":15},"fnNames":{}}}
,"D:\\prompt wars\\challenge 3\\CarbonPlus-AI\\lib\\patternAnalyzer.ts": {"path":"D:\\prompt wars\\challenge 3\\CarbonPlus-AI\\lib\\patternAnalyzer.ts","statementMap":{"0":{"start":{"line":14,"column":2},"end":{"line":16,"column":null}},"1":{"start":{"line":15,"column":4},"end":{"line":15,"column":null}},"2":{"start":{"line":18,"column":17},"end":{"line":18,"column":null}},"3":{"start":{"line":18,"column":42},"end":{"line":18,"column":97}},"4":{"start":{"line":20,"column":16},"end":{"line":20,"column":null}},"5":{"start":{"line":21,"column":16},"end":{"line":21,"column":null}},"6":{"start":{"line":23,"column":19},"end":{"line":23,"column":null}},"7":{"start":{"line":23,"column":46},"end":{"line":23,"column":74}},"8":{"start":{"line":24,"column":19},"end":{"line":24,"column":null}},"9":{"start":{"line":24,"column":46},"end":{"line":24,"column":74}},"10":{"start":{"line":26,"column":19},"end":{"line":26,"column":null}},"11":{"start":{"line":29,"column":8},"end":{"line":35,"column":null}},"12":{"start":{"line":30,"column":4},"end":{"line":34,"column":null}},"13":{"start":{"line":31,"column":6},"end":{"line":31,"column":null}},"14":{"start":{"line":31,"column":31},"end":{"line":31,"column":null}},"15":{"start":{"line":32,"column":6},"end":{"line":32,"column":null}},"16":{"start":{"line":32,"column":26},"end":{"line":32,"column":null}},"17":{"start":{"line":33,"column":6},"end":{"line":33,"column":null}},"18":{"start":{"line":37,"column":24},"end":{"line":37,"column":null}},"19":{"start":{"line":38,"column":24},"end":{"line":38,"column":null}},"20":{"start":{"line":39,"column":19},"end":{"line":39,"column":null}},"21":{"start":{"line":40,"column":19},"end":{"line":40,"column":null}},"22":{"start":{"line":42,"column":24},"end":{"line":42,"column":null}},"23":{"start":{"line":43,"column":38},"end":{"line":43,"column":null}},"24":{"start":{"line":46,"column":2},"end":{"line":49,"column":null}},"25":{"start":{"line":47,"column":4},"end":{"line":47,"column":null}},"26":{"start":{"line":48,"column":4},"end":{"line":48,"column":null}},"27":{"start":{"line":51,"column":2},"end":{"line":56,"column":null}}},"fnMap":{"0":{"name":"analyzeCarbonTrends","decl":{"start":{"line":13,"column":16},"end":{"line":13,"column":36}},"loc":{"start":{"line":13,"column":70},"end":{"line":57,"column":null}},"line":13},"1":{"name":"(anonymous_1)","decl":{"start":{"line":18,"column":27},"end":{"line":18,"column":33}},"loc":{"start":{"line":18,"column":42},"end":{"line":18,"column":97}},"line":18},"2":{"name":"(anonymous_2)","decl":{"start":{"line":23,"column":25},"end":{"line":23,"column":33}},"loc":{"start":{"line":23,"column":46},"end":{"line":23,"column":74}},"line":23},"3":{"name":"(anonymous_3)","decl":{"start":{"line":24,"column":25},"end":{"line":24,"column":33}},"loc":{"start":{"line":24,"column":46},"end":{"line":24,"column":74}},"line":24},"4":{"name":"(anonymous_4)","decl":{"start":{"line":29,"column":8},"end":{"line":29,"column":26}},"loc":{"start":{"line":29,"column":92},"end":{"line":35,"column":null}},"line":29},"5":{"name":"(anonymous_5)","decl":{"start":{"line":30,"column":16},"end":{"line":30,"column":24}},"loc":{"start":{"line":30,"column":37},"end":{"line":34,"column":7}},"line":30}},"branchMap":{"0":{"loc":{"start":{"line":14,"column":2},"end":{"line":16,"column":null}},"type":"if","locations":[{"start":{"line":14,"column":2},"end":{"line":16,"column":null}},{"start":{},"end":{}}],"line":14},"1":{"loc":{"start":{"line":26,"column":19},"end":{"line":26,"column":null}},"type":"cond-expr","locations":[{"start":{"line":26,"column":36},"end":{"line":26,"column":42}},{"start":{"line":26,"column":36},"end":{"line":26,"column":null}}],"line":26},"2":{"loc":{"start":{"line":31,"column":6},"end":{"line":31,"column":null}},"type":"if","locations":[{"start":{"line":31,"column":6},"end":{"line":31,"column":null}},{"start":{},"end":{}}],"line":31},"3":{"loc":{"start":{"line":32,"column":6},"end":{"line":32,"column":null}},"type":"if","locations":[{"start":{"line":32,"column":6},"end":{"line":32,"column":null}},{"start":{},"end":{}}],"line":32},"4":{"loc":{"start":{"line":46,"column":2},"end":{"line":49,"column":null}},"type":"if","locations":[{"start":{"line":46,"column":2},"end":{"line":49,"column":null}},{"start":{},"end":{}}],"line":46},"5":{"loc":{"start":{"line":46,"column":6},"end":{"line":46,"column":72}},"type":"binary-expr","locations":[{"start":{"line":46,"column":6},"end":{"line":46,"column":45}},{"start":{"line":46,"column":45},"end":{"line":46,"column":72}}],"line":46}},"s":{"0":12,"1":6,"2":6,"3":78,"4":6,"5":6,"6":6,"7":42,"8":6,"9":42,"10":6,"11":12,"12":24,"13":168,"14":84,"15":84,"16":84,"17":0,"18":12,"19":12,"20":12,"21":12,"22":12,"23":12,"24":12,"25":1,"26":1,"27":6},"f":{"0":12,"1":78,"2":42,"3":42,"4":24,"5":168},"b":{"0":[6,6],"1":[0,6],"2":[84,84],"3":[84,0],"4":[1,11],"5":[12,2]},"meta":{"lastBranch":6,"lastFunction":6,"lastStatement":28,"seen":{"f:13:16:13:36":0,"b:14:2:16:Infinity:undefined:undefined:undefined:undefined":0,"s:14:2:16:Infinity":0,"s:15:4:15:Infinity":1,"s:18:17:18:Infinity":2,"f:18:27:18:33":1,"s:18:42:18:97":3,"s:20:16:20:Infinity":4,"s:21:16:21:Infinity":5,"s:23:19:23:Infinity":6,"f:23:25:23:33":2,"s:23:46:23:74":7,"s:24:19:24:Infinity":8,"f:24:25:24:33":3,"s:24:46:24:74":9,"s:26:19:26:Infinity":10,"b:26:36:26:42:26:36:26:Infinity":1,"s:29:8:35:Infinity":11,"f:29:8:29:26":4,"s:30:4:34:Infinity":12,"f:30:16:30:24":5,"b:31:6:31:Infinity:undefined:undefined:undefined:undefined":2,"s:31:6:31:Infinity":13,"s:31:31:31:Infinity":14,"b:32:6:32:Infinity:undefined:undefined:undefined:undefined":3,"s:32:6:32:Infinity":15,"s:32:26:32:Infinity":16,"s:33:6:33:Infinity":17,"s:37:24:37:Infinity":18,"s:38:24:38:Infinity":19,"s:39:19:39:Infinity":20,"s:40:19:40:Infinity":21,"s:42:24:42:Infinity":22,"s:43:38:43:Infinity":23,"b:46:2:49:Infinity:undefined:undefined:undefined:undefined":4,"s:46:2:49:Infinity":24,"b:46:6:46:45:46:45:46:72":5,"s:47:4:47:Infinity":25,"s:48:4:48:Infinity":26,"s:51:2:56:Infinity":27},"fnNames":{}}}
,"D:\\prompt wars\\challenge 3\\CarbonPlus-AI\\lib\\validation.ts": {"path":"D:\\prompt wars\\challenge 3\\CarbonPlus-AI\\lib\\validation.ts","statementMap":{"0":{"start":{"line":23,"column":56},"end":{"line":25,"column":null}},"1":{"start":{"line":27,"column":46},"end":{"line":29,"column":null}},"2":{"start":{"line":35,"column":2},"end":{"line":35,"column":null}},"3":{"start":{"line":40,"column":2},"end":{"line":40,"column":null}},"4":{"start":{"line":45,"column":2},"end":{"line":45,"column":null}},"5":{"start":{"line":60,"column":2},"end":{"line":60,"column":null}},"6":{"start":{"line":60,"column":30},"end":{"line":60,"column":null}},"7":{"start":{"line":61,"column":2},"end":{"line":61,"column":null}},"8":{"start":{"line":66,"column":2},"end":{"line":66,"column":null}},"9":{"start":{"line":71,"column":2},"end":{"line":71,"column":null}},"10":{"start":{"line":87,"column":68},"end":{"line":87,"column":null}},"11":{"start":{"line":89,"column":2},"end":{"line":91,"column":null}},"12":{"start":{"line":90,"column":4},"end":{"line":90,"column":null}},"13":{"start":{"line":93,"column":2},"end":{"line":95,"column":null}},"14":{"start":{"line":94,"column":4},"end":{"line":94,"column":null}},"15":{"start":{"line":97,"column":2},"end":{"line":103,"column":null}},"16":{"start":{"line":98,"column":4},"end":{"line":98,"column":null}},"17":{"start":{"line":99,"column":9},"end":{"line":103,"column":null}},"18":{"start":{"line":100,"column":4},"end":{"line":100,"column":null}},"19":{"start":{"line":101,"column":9},"end":{"line":103,"column":null}},"20":{"start":{"line":102,"column":4},"end":{"line":102,"column":null}},"21":{"start":{"line":105,"column":2},"end":{"line":111,"column":null}},"22":{"start":{"line":106,"column":4},"end":{"line":106,"column":null}},"23":{"start":{"line":107,"column":9},"end":{"line":111,"column":null}},"24":{"start":{"line":108,"column":4},"end":{"line":108,"column":null}},"25":{"start":{"line":109,"column":9},"end":{"line":111,"column":null}},"26":{"start":{"line":110,"column":4},"end":{"line":110,"column":null}},"27":{"start":{"line":113,"column":2},"end":{"line":113,"column":null}},"28":{"start":{"line":123,"column":2},"end":{"line":123,"column":null}},"29":{"start":{"line":123,"column":51},"end":{"line":123,"column":null}},"30":{"start":{"line":125,"column":14},"end":{"line":125,"column":null}},"31":{"start":{"line":128,"column":2},"end":{"line":128,"column":null}},"32":{"start":{"line":128,"column":72},"end":{"line":128,"column":null}},"33":{"start":{"line":131,"column":17},"end":{"line":131,"column":null}},"34":{"start":{"line":132,"column":2},"end":{"line":132,"column":null}},"35":{"start":{"line":132,"column":32},"end":{"line":132,"column":null}},"36":{"start":{"line":135,"column":2},"end":{"line":135,"column":null}},"37":{"start":{"line":135,"column":73},"end":{"line":135,"column":null}},"38":{"start":{"line":136,"column":20},"end":{"line":136,"column":null}},"39":{"start":{"line":137,"column":2},"end":{"line":137,"column":null}},"40":{"start":{"line":137,"column":48},"end":{"line":137,"column":null}},"41":{"start":{"line":138,"column":2},"end":{"line":138,"column":null}},"42":{"start":{"line":138,"column":48},"end":{"line":138,"column":null}},"43":{"start":{"line":141,"column":2},"end":{"line":141,"column":null}},"44":{"start":{"line":141,"column":37},"end":{"line":141,"column":null}},"45":{"start":{"line":144,"column":8},"end":{"line":147,"column":null}},"46":{"start":{"line":145,"column":16},"end":{"line":145,"column":null}},"47":{"start":{"line":146,"column":4},"end":{"line":146,"column":null}},"48":{"start":{"line":149,"column":2},"end":{"line":175,"column":null}},"49":{"start":{"line":168,"column":12},"end":{"line":172,"column":null}},"50":{"start":{"line":186,"column":2},"end":{"line":186,"column":null}},"51":{"start":{"line":186,"column":28},"end":{"line":186,"column":null}},"52":{"start":{"line":188,"column":35},"end":{"line":188,"column":null}},"53":{"start":{"line":189,"column":2},"end":{"line":192,"column":null}},"54":{"start":{"line":190,"column":16},"end":{"line":190,"column":null}},"55":{"start":{"line":191,"column":4},"end":{"line":191,"column":null}},"56":{"start":{"line":191,"column":22},"end":{"line":191,"column":null}},"57":{"start":{"line":194,"column":2},"end":{"line":194,"column":null}},"58":{"start":{"line":202,"column":33},"end":{"line":213,"column":null}},"59":{"start":{"line":215,"column":2},"end":{"line":215,"column":null}},"60":{"start":{"line":215,"column":49},"end":{"line":215,"column":null}},"61":{"start":{"line":217,"column":19},"end":{"line":217,"column":null}},"62":{"start":{"line":218,"column":2},"end":{"line":248,"column":null}}},"fnMap":{"0":{"name":"isValidTransportMode","decl":{"start":{"line":34,"column":16},"end":{"line":34,"column":37}},"loc":{"start":{"line":34,"column":77},"end":{"line":36,"column":null}},"line":34},"1":{"name":"isValidDietType","decl":{"start":{"line":39,"column":16},"end":{"line":39,"column":32}},"loc":{"start":{"line":39,"column":67},"end":{"line":41,"column":null}},"line":39},"2":{"name":"isFiniteNumber","decl":{"start":{"line":44,"column":16},"end":{"line":44,"column":31}},"loc":{"start":{"line":44,"column":64},"end":{"line":46,"column":null}},"line":44},"3":{"name":"clampNumber","decl":{"start":{"line":54,"column":16},"end":{"line":54,"column":null}},"loc":{"start":{"line":59,"column":10},"end":{"line":62,"column":null}},"line":59},"4":{"name":"sanitizeTransportMode","decl":{"start":{"line":65,"column":16},"end":{"line":65,"column":38}},"loc":{"start":{"line":65,"column":69},"end":{"line":67,"column":null}},"line":65},"5":{"name":"sanitizeDietType","decl":{"start":{"line":70,"column":16},"end":{"line":70,"column":33}},"loc":{"start":{"line":70,"column":59},"end":{"line":72,"column":null}},"line":70},"6":{"name":"validateFormValues","decl":{"start":{"line":86,"column":16},"end":{"line":86,"column":35}},"loc":{"start":{"line":86,"column":81},"end":{"line":114,"column":null}},"line":86},"7":{"name":"validateLogEntry","decl":{"start":{"line":122,"column":9},"end":{"line":122,"column":26}},"loc":{"start":{"line":122,"column":62},"end":{"line":176,"column":null}},"line":122},"8":{"name":"(anonymous_8)","decl":{"start":{"line":144,"column":8},"end":{"line":144,"column":19}},"loc":{"start":{"line":144,"column":43},"end":{"line":147,"column":null}},"line":144},"9":{"name":"(anonymous_9)","decl":{"start":{"line":166,"column":40},"end":{"line":166,"column":null}},"loc":{"start":{"line":168,"column":12},"end":{"line":172,"column":null}},"line":168},"10":{"name":"validateStoredLogs","decl":{"start":{"line":182,"column":16},"end":{"line":182,"column":null}},"loc":{"start":{"line":185,"column":17},"end":{"line":195,"column":null}},"line":185},"11":{"name":"validateStoredSettings","decl":{"start":{"line":201,"column":16},"end":{"line":201,"column":39}},"loc":{"start":{"line":201,"column":68},"end":{"line":249,"column":null}},"line":201}},"branchMap":{"0":{"loc":{"start":{"line":35,"column":9},"end":{"line":35,"column":null}},"type":"binary-expr","locations":[{"start":{"line":35,"column":9},"end":{"line":35,"column":38}},{"start":{"line":35,"column":38},"end":{"line":35,"column":null}}],"line":35},"1":{"loc":{"start":{"line":40,"column":9},"end":{"line":40,"column":null}},"type":"binary-expr","locations":[{"start":{"line":40,"column":9},"end":{"line":40,"column":38}},{"start":{"line":40,"column":38},"end":{"line":40,"column":null}}],"line":40},"2":{"loc":{"start":{"line":45,"column":9},"end":{"line":45,"column":null}},"type":"binary-expr","locations":[{"start":{"line":45,"column":9},"end":{"line":45,"column":38}},{"start":{"line":45,"column":38},"end":{"line":45,"column":null}}],"line":45},"3":{"loc":{"start":{"line":58,"column":2},"end":{"line":58,"column":null}},"type":"default-arg","locations":[{"start":{"line":58,"column":21},"end":{"line":58,"column":null}}],"line":58},"4":{"loc":{"start":{"line":60,"column":2},"end":{"line":60,"column":null}},"type":"if","locations":[{"start":{"line":60,"column":2},"end":{"line":60,"column":null}},{"start":{},"end":{}}],"line":60},"5":{"loc":{"start":{"line":66,"column":9},"end":{"line":66,"column":null}},"type":"cond-expr","locations":[{"start":{"line":66,"column":39},"end":{"line":66,"column":47}},{"start":{"line":66,"column":47},"end":{"line":66,"column":null}}],"line":66},"6":{"loc":{"start":{"line":71,"column":9},"end":{"line":71,"column":null}},"type":"cond-expr","locations":[{"start":{"line":71,"column":34},"end":{"line":71,"column":42}},{"start":{"line":71,"column":42},"end":{"line":71,"column":null}}],"line":71},"7":{"loc":{"start":{"line":89,"column":2},"end":{"line":91,"column":null}},"type":"if","locations":[{"start":{"line":89,"column":2},"end":{"line":91,"column":null}},{"start":{},"end":{}}],"line":89},"8":{"loc":{"start":{"line":93,"column":2},"end":{"line":95,"column":null}},"type":"if","locations":[{"start":{"line":93,"column":2},"end":{"line":95,"column":null}},{"start":{},"end":{}}],"line":93},"9":{"loc":{"start":{"line":97,"column":2},"end":{"line":103,"column":null}},"type":"if","locations":[{"start":{"line":97,"column":2},"end":{"line":103,"column":null}},{"start":{"line":99,"column":9},"end":{"line":103,"column":null}}],"line":97},"10":{"loc":{"start":{"line":99,"column":9},"end":{"line":103,"column":null}},"type":"if","locations":[{"start":{"line":99,"column":9},"end":{"line":103,"column":null}},{"start":{"line":101,"column":9},"end":{"line":103,"column":null}}],"line":99},"11":{"loc":{"start":{"line":101,"column":9},"end":{"line":103,"column":null}},"type":"if","locations":[{"start":{"line":101,"column":9},"end":{"line":103,"column":null}},{"start":{},"end":{}}],"line":101},"12":{"loc":{"start":{"line":105,"column":2},"end":{"line":111,"column":null}},"type":"if","locations":[{"start":{"line":105,"column":2},"end":{"line":111,"column":null}},{"start":{"line":107,"column":9},"end":{"line":111,"column":null}}],"line":105},"13":{"loc":{"start":{"line":107,"column":9},"end":{"line":111,"column":null}},"type":"if","locations":[{"start":{"line":107,"column":9},"end":{"line":111,"column":null}},{"start":{"line":109,"column":9},"end":{"line":111,"column":null}}],"line":107},"14":{"loc":{"start":{"line":109,"column":9},"end":{"line":111,"column":null}},"type":"if","locations":[{"start":{"line":109,"column":9},"end":{"line":111,"column":null}},{"start":{},"end":{}}],"line":109},"15":{"loc":{"start":{"line":123,"column":2},"end":{"line":123,"column":null}},"type":"if","locations":[{"start":{"line":123,"column":2},"end":{"line":123,"column":null}},{"start":{},"end":{}}],"line":123},"16":{"loc":{"start":{"line":123,"column":6},"end":{"line":123,"column":51}},"type":"binary-expr","locations":[{"start":{"line":123,"column":6},"end":{"line":123,"column":35}},{"start":{"line":123,"column":35},"end":{"line":123,"column":51}}],"line":123},"17":{"loc":{"start":{"line":128,"column":2},"end":{"line":128,"column":null}},"type":"if","locations":[{"start":{"line":128,"column":2},"end":{"line":128,"column":null}},{"start":{},"end":{}}],"line":128},"18":{"loc":{"start":{"line":128,"column":6},"end":{"line":128,"column":72}},"type":"binary-expr","locations":[{"start":{"line":128,"column":6},"end":{"line":128,"column":39}},{"start":{"line":128,"column":39},"end":{"line":128,"column":72}}],"line":128},"19":{"loc":{"start":{"line":132,"column":2},"end":{"line":132,"column":null}},"type":"if","locations":[{"start":{"line":132,"column":2},"end":{"line":132,"column":null}},{"start":{},"end":{}}],"line":132},"20":{"loc":{"start":{"line":135,"column":2},"end":{"line":135,"column":null}},"type":"if","locations":[{"start":{"line":135,"column":2},"end":{"line":135,"column":null}},{"start":{},"end":{}}],"line":135},"21":{"loc":{"start":{"line":135,"column":6},"end":{"line":135,"column":73}},"type":"binary-expr","locations":[{"start":{"line":135,"column":6},"end":{"line":135,"column":46}},{"start":{"line":135,"column":46},"end":{"line":135,"column":73}}],"line":135},"22":{"loc":{"start":{"line":137,"column":2},"end":{"line":137,"column":null}},"type":"if","locations":[{"start":{"line":137,"column":2},"end":{"line":137,"column":null}},{"start":{},"end":{}}],"line":137},"23":{"loc":{"start":{"line":138,"column":2},"end":{"line":138,"column":null}},"type":"if","locations":[{"start":{"line":138,"column":2},"end":{"line":138,"column":null}},{"start":{},"end":{}}],"line":138},"24":{"loc":{"start":{"line":141,"column":2},"end":{"line":141,"column":null}},"type":"if","locations":[{"start":{"line":141,"column":2},"end":{"line":141,"column":null}},{"start":{},"end":{}}],"line":141},"25":{"loc":{"start":{"line":146,"column":11},"end":{"line":146,"column":null}},"type":"cond-expr","locations":[{"start":{"line":146,"column":33},"end":{"line":146,"column":39}},{"start":{"line":146,"column":39},"end":{"line":146,"column":null}}],"line":146},"26":{"loc":{"start":{"line":165,"column":15},"end":{"line":174,"column":null}},"type":"cond-expr","locations":[{"start":{"line":166,"column":9},"end":{"line":173,"column":null}},{"start":{"line":174,"column":8},"end":{"line":174,"column":null}}],"line":165},"27":{"loc":{"start":{"line":168,"column":12},"end":{"line":172,"column":null}},"type":"binary-expr","locations":[{"start":{"line":168,"column":12},"end":{"line":168,"column":null}},{"start":{"line":169,"column":12},"end":{"line":169,"column":null}},{"start":{"line":170,"column":12},"end":{"line":170,"column":null}},{"start":{"line":171,"column":12},"end":{"line":171,"column":null}},{"start":{"line":172,"column":12},"end":{"line":172,"column":null}}],"line":168},"28":{"loc":{"start":{"line":186,"column":2},"end":{"line":186,"column":null}},"type":"if","locations":[{"start":{"line":186,"column":2},"end":{"line":186,"column":null}},{"start":{},"end":{}}],"line":186},"29":{"loc":{"start":{"line":191,"column":4},"end":{"line":191,"column":null}},"type":"if","locations":[{"start":{"line":191,"column":4},"end":{"line":191,"column":null}},{"start":{},"end":{}}],"line":191},"30":{"loc":{"start":{"line":215,"column":2},"end":{"line":215,"column":null}},"type":"if","locations":[{"start":{"line":215,"column":2},"end":{"line":215,"column":null}},{"start":{},"end":{}}],"line":215},"31":{"loc":{"start":{"line":215,"column":6},"end":{"line":215,"column":49}},"type":"binary-expr","locations":[{"start":{"line":215,"column":6},"end":{"line":215,"column":34}},{"start":{"line":215,"column":34},"end":{"line":215,"column":49}}],"line":215},"32":{"loc":{"start":{"line":231,"column":13},"end":{"line":235,"column":null}},"type":"cond-expr","locations":[{"start":{"line":234,"column":9},"end":{"line":234,"column":null}},{"start":{"line":235,"column":8},"end":{"line":235,"column":null}}],"line":231},"33":{"loc":{"start":{"line":237,"column":6},"end":{"line":239,"column":null}},"type":"cond-expr","locations":[{"start":{"line":238,"column":10},"end":{"line":238,"column":null}},{"start":{"line":239,"column":10},"end":{"line":239,"column":null}}],"line":237},"34":{"loc":{"start":{"line":241,"column":6},"end":{"line":244,"column":null}},"type":"cond-expr","locations":[{"start":{"line":243,"column":11},"end":{"line":243,"column":null}},{"start":{"line":244,"column":10},"end":{"line":244,"column":null}}],"line":241},"35":{"loc":{"start":{"line":241,"column":6},"end":{"line":242,"column":null}},"type":"binary-expr","locations":[{"start":{"line":241,"column":6},"end":{"line":241,"column":null}},{"start":{"line":242,"column":6},"end":{"line":242,"column":null}}],"line":241},"36":{"loc":{"start":{"line":245,"column":20},"end":{"line":247,"column":null}},"type":"cond-expr","locations":[{"start":{"line":246,"column":9},"end":{"line":246,"column":null}},{"start":{"line":247,"column":8},"end":{"line":247,"column":null}}],"line":245}},"s":{"0":1,"1":1,"2":9,"3":5,"4":14,"5":4,"6":1,"7":3,"8":0,"9":0,"10":5,"11":5,"12":1,"13":5,"14":0,"15":5,"16":0,"17":5,"18":1,"19":4,"20":1,"21":5,"22":0,"23":5,"24":0,"25":5,"26":1,"27":5,"28":0,"29":0,"30":0,"31":0,"32":0,"33":0,"34":0,"35":0,"36":0,"37":0,"38":0,"39":0,"40":0,"41":0,"42":0,"43":0,"44":0,"45":0,"46":0,"47":0,"48":0,"49":0,"50":0,"51":0,"52":0,"53":0,"54":0,"55":0,"56":0,"57":0,"58":0,"59":0,"60":0,"61":0,"62":0},"f":{"0":9,"1":5,"2":14,"3":4,"4":0,"5":0,"6":5,"7":0,"8":0,"9":0,"10":0,"11":0},"b":{"0":[9,8],"1":[5,5],"2":[14,14],"3":[4],"4":[1,3],"5":[0,0],"6":[0,0],"7":[1,4],"8":[0,5],"9":[0,5],"10":[1,4],"11":[1,3],"12":[0,5],"13":[0,5],"14":[1,4],"15":[0,0],"16":[0,0],"17":[0,0],"18":[0,0],"19":[0,0],"20":[0,0],"21":[0,0],"22":[0,0],"23":[0,0],"24":[0,0],"25":[0,0],"26":[0,0],"27":[0,0,0,0,0],"28":[0,0],"29":[0,0],"30":[0,0],"31":[0,0],"32":[0,0],"33":[0,0],"34":[0,0],"35":[0,0],"36":[0,0]},"meta":{"lastBranch":37,"lastFunction":12,"lastStatement":63,"seen":{"s:23:56:25:Infinity":0,"s:27:46:29:Infinity":1,"f:34:16:34:37":0,"s:35:2:35:Infinity":2,"b:35:9:35:38:35:38:35:Infinity":0,"f:39:16:39:32":1,"s:40:2:40:Infinity":3,"b:40:9:40:38:40:38:40:Infinity":1,"f:44:16:44:31":2,"s:45:2:45:Infinity":4,"b:45:9:45:38:45:38:45:Infinity":2,"f:54:16:54:Infinity":3,"b:58:21:58:Infinity":3,"b:60:2:60:Infinity:undefined:undefined:undefined:undefined":4,"s:60:2:60:Infinity":5,"s:60:30:60:Infinity":6,"s:61:2:61:Infinity":7,"f:65:16:65:38":4,"s:66:2:66:Infinity":8,"b:66:39:66:47:66:47:66:Infinity":5,"f:70:16:70:33":5,"s:71:2:71:Infinity":9,"b:71:34:71:42:71:42:71:Infinity":6,"f:86:16:86:35":6,"s:87:68:87:Infinity":10,"b:89:2:91:Infinity:undefined:undefined:undefined:undefined":7,"s:89:2:91:Infinity":11,"s:90:4:90:Infinity":12,"b:93:2:95:Infinity:undefined:undefined:undefined:undefined":8,"s:93:2:95:Infinity":13,"s:94:4:94:Infinity":14,"b:97:2:103:Infinity:99:9:103:Infinity":9,"s:97:2:103:Infinity":15,"s:98:4:98:Infinity":16,"b:99:9:103:Infinity:101:9:103:Infinity":10,"s:99:9:103:Infinity":17,"s:100:4:100:Infinity":18,"b:101:9:103:Infinity:undefined:undefined:undefined:undefined":11,"s:101:9:103:Infinity":19,"s:102:4:102:Infinity":20,"b:105:2:111:Infinity:107:9:111:Infinity":12,"s:105:2:111:Infinity":21,"s:106:4:106:Infinity":22,"b:107:9:111:Infinity:109:9:111:Infinity":13,"s:107:9:111:Infinity":23,"s:108:4:108:Infinity":24,"b:109:9:111:Infinity:undefined:undefined:undefined:undefined":14,"s:109:9:111:Infinity":25,"s:110:4:110:Infinity":26,"s:113:2:113:Infinity":27,"f:122:9:122:26":7,"b:123:2:123:Infinity:undefined:undefined:undefined:undefined":15,"s:123:2:123:Infinity":28,"b:123:6:123:35:123:35:123:51":16,"s:123:51:123:Infinity":29,"s:125:14:125:Infinity":30,"b:128:2:128:Infinity:undefined:undefined:undefined:undefined":17,"s:128:2:128:Infinity":31,"b:128:6:128:39:128:39:128:72":18,"s:128:72:128:Infinity":32,"s:131:17:131:Infinity":33,"b:132:2:132:Infinity:undefined:undefined:undefined:undefined":19,"s:132:2:132:Infinity":34,"s:132:32:132:Infinity":35,"b:135:2:135:Infinity:undefined:undefined:undefined:undefined":20,"s:135:2:135:Infinity":36,"b:135:6:135:46:135:46:135:73":21,"s:135:73:135:Infinity":37,"s:136:20:136:Infinity":38,"b:137:2:137:Infinity:undefined:undefined:undefined:undefined":22,"s:137:2:137:Infinity":39,"s:137:48:137:Infinity":40,"b:138:2:138:Infinity:undefined:undefined:undefined:undefined":23,"s:138:2:138:Infinity":41,"s:138:48:138:Infinity":42,"b:141:2:141:Infinity:undefined:undefined:undefined:undefined":24,"s:141:2:141:Infinity":43,"s:141:37:141:Infinity":44,"s:144:8:147:Infinity":45,"f:144:8:144:19":8,"s:145:16:145:Infinity":46,"s:146:4:146:Infinity":47,"b:146:33:146:39:146:39:146:Infinity":25,"s:149:2:175:Infinity":48,"b:166:9:173:Infinity:174:8:174:Infinity":26,"f:166:40:166:Infinity":9,"s:168:12:172:Infinity":49,"b:168:12:168:Infinity:169:12:169:Infinity:170:12:170:Infinity:171:12:171:Infinity:172:12:172:Infinity":27,"f:182:16:182:Infinity":10,"b:186:2:186:Infinity:undefined:undefined:undefined:undefined":28,"s:186:2:186:Infinity":50,"s:186:28:186:Infinity":51,"s:188:35:188:Infinity":52,"s:189:2:192:Infinity":53,"s:190:16:190:Infinity":54,"b:191:4:191:Infinity:undefined:undefined:undefined:undefined":29,"s:191:4:191:Infinity":55,"s:191:22:191:Infinity":56,"s:194:2:194:Infinity":57,"f:201:16:201:39":11,"s:202:33:213:Infinity":58,"b:215:2:215:Infinity:undefined:undefined:undefined:undefined":30,"s:215:2:215:Infinity":59,"b:215:6:215:34:215:34:215:49":31,"s:215:49:215:Infinity":60,"s:217:19:217:Infinity":61,"s:218:2:248:Infinity":62,"b:234:9:234:Infinity:235:8:235:Infinity":32,"b:238:10:238:Infinity:239:10:239:Infinity":33,"b:243:11:243:Infinity:244:10:244:Infinity":34,"b:241:6:241:Infinity:242:6:242:Infinity":35,"b:246:9:246:Infinity:247:8:247:Infinity":36},"fnNames":{}}}
}
